gcc -O0 test.c -o test.o -lm
./test.o
**** TEST: Bit counting over a sliding window (approximate) *****
self->total_bucket = 100
self->index_next = 1
pointer_bucket = 0
group_size = 1
pointer_bucket = 99
self->wnd_buffer[i].size = 1
self->count = 1
bucket_max = 1
last output (precise) = 1
last output (approximate) = 1
self->index_next = 2
pointer_bucket = 1
group_size = 1
pointer_bucket = 0
group_size = 2
pointer_bucket = 98
self->wnd_buffer[i].size = 1
self->count = 2
bucket_max = 1
last output (precise) = 2
last output (approximate) = 2
self->index_next = 3
pointer_bucket = 2
group_size = 1
pointer_bucket = 1
group_size = 2
pointer_bucket = 99
self->wnd_buffer[i].size = 1
self->count = 3
bucket_max = 1
last output (precise) = 3
last output (approximate) = 3
self->index_next = 4
pointer_bucket = 3
group_size = 1
pointer_bucket = 2
group_size = 2
pointer_bucket = 0
group_size = 3
pointer_bucket = 97
self->wnd_buffer[i].size = 1
self->count = 4
bucket_max = 1
last output (precise) = 4
last output (approximate) = 4
self->index_next = 5
pointer_bucket = 4
group_size = 1
pointer_bucket = 3
group_size = 2
pointer_bucket = 1
group_size = 3
pointer_bucket = 98
self->wnd_buffer[i].size = 1
self->count = 5
bucket_max = 1
last output (precise) = 5
last output (approximate) = 5
self->index_next = 6
pointer_bucket = 5
group_size = 1
pointer_bucket = 4
group_size = 2
pointer_bucket = 2
group_size = 3
pointer_bucket = 99
self->wnd_buffer[i].size = 1
self->count = 6
bucket_max = 1
last output (precise) = 6
last output (approximate) = 6
self->index_next = 7
pointer_bucket = 6
group_size = 1
pointer_bucket = 5
group_size = 2
pointer_bucket = 3
group_size = 3
pointer_bucket = 0
group_size = 4
pointer_bucket = 96
self->wnd_buffer[i].size = 1
self->count = 7
bucket_max = 1
last output (precise) = 7
last output (approximate) = 7
self->index_next = 8
pointer_bucket = 7
group_size = 1
pointer_bucket = 6
group_size = 2
pointer_bucket = 4
group_size = 3
pointer_bucket = 1
group_size = 4
pointer_bucket = 97
self->wnd_buffer[i].size = 1
self->count = 8
bucket_max = 1
last output (precise) = 8
last output (approximate) = 8
self->index_next = 9
pointer_bucket = 8
group_size = 1
pointer_bucket = 7
group_size = 2
pointer_bucket = 5
group_size = 3
pointer_bucket = 2
group_size = 4
pointer_bucket = 98
self->wnd_buffer[i].size = 1
self->count = 9
bucket_max = 1
last output (precise) = 9
last output (approximate) = 9
self->index_next = 10
pointer_bucket = 9
group_size = 1
pointer_bucket = 8
group_size = 2
pointer_bucket = 6
group_size = 3
pointer_bucket = 3
group_size = 4
pointer_bucket = 99
self->wnd_buffer[i].size = 1
self->count = 10
bucket_max = 1
last output (precise) = 10
last output (approximate) = 10
self->index_next = 11
pointer_bucket = 10
group_size = 1
pointer_bucket = 9
group_size = 2
pointer_bucket = 7
group_size = 3
pointer_bucket = 4
group_size = 4
pointer_bucket = 0
group_size = 5
pointer_bucket = 95
self->wnd_buffer[i].size = 1
self->count = 11
bucket_max = 1
last output (precise) = 11
last output (approximate) = 11
self->index_next = 12
pointer_bucket = 11
group_size = 1
pointer_bucket = 10
group_size = 2
pointer_bucket = 8
group_size = 3
pointer_bucket = 5
group_size = 4
pointer_bucket = 1
group_size = 5
pointer_bucket = 96
self->wnd_buffer[i].size = 1
self->count = 12
bucket_max = 1
last output (precise) = 12
last output (approximate) = 12
self->index_next = 13
pointer_bucket = 12
group_size = 1
pointer_bucket = 11
group_size = 2
pointer_bucket = 9
group_size = 3
pointer_bucket = 6
group_size = 4
pointer_bucket = 2
group_size = 5
pointer_bucket = 97
self->wnd_buffer[i].size = 1
self->count = 13
bucket_max = 1
last output (precise) = 13
last output (approximate) = 13
self->index_next = 14
pointer_bucket = 13
group_size = 1
pointer_bucket = 12
group_size = 2
pointer_bucket = 10
group_size = 3
pointer_bucket = 7
group_size = 4
pointer_bucket = 3
group_size = 5
pointer_bucket = 98
self->wnd_buffer[i].size = 1
self->count = 14
bucket_max = 1
last output (precise) = 14
last output (approximate) = 14
self->index_next = 15
pointer_bucket = 14
group_size = 1
pointer_bucket = 13
group_size = 2
pointer_bucket = 11
group_size = 3
pointer_bucket = 8
group_size = 4
pointer_bucket = 4
group_size = 5
pointer_bucket = 99
self->wnd_buffer[i].size = 1
self->count = 15
bucket_max = 1
last output (precise) = 15
last output (approximate) = 15
self->index_next = 16
pointer_bucket = 15
group_size = 1
pointer_bucket = 14
group_size = 2
pointer_bucket = 12
group_size = 3
pointer_bucket = 9
group_size = 4
pointer_bucket = 5
group_size = 5
pointer_bucket = 0
group_size = 6
pointer_bucket = 94
self->wnd_buffer[i].size = 1
self->count = 16
bucket_max = 1
last output (precise) = 16
last output (approximate) = 16
self->index_next = 17
pointer_bucket = 16
group_size = 1
pointer_bucket = 15
group_size = 2
pointer_bucket = 13
group_size = 3
pointer_bucket = 10
group_size = 4
pointer_bucket = 6
group_size = 5
pointer_bucket = 1
group_size = 6
pointer_bucket = 95
self->wnd_buffer[i].size = 1
self->count = 17
bucket_max = 1
last output (precise) = 17
last output (approximate) = 17
self->index_next = 18
pointer_bucket = 17
group_size = 1
pointer_bucket = 16
group_size = 2
pointer_bucket = 14
group_size = 3
pointer_bucket = 11
group_size = 4
pointer_bucket = 7
group_size = 5
pointer_bucket = 2
group_size = 6
pointer_bucket = 96
self->wnd_buffer[i].size = 1
self->count = 18
bucket_max = 1
last output (precise) = 18
last output (approximate) = 18
self->index_next = 19
pointer_bucket = 18
group_size = 1
pointer_bucket = 17
group_size = 2
pointer_bucket = 15
group_size = 3
pointer_bucket = 12
group_size = 4
pointer_bucket = 8
group_size = 5
pointer_bucket = 3
group_size = 6
pointer_bucket = 97
self->wnd_buffer[i].size = 1
self->count = 19
bucket_max = 1
last output (precise) = 19
last output (approximate) = 19
self->index_next = 20
pointer_bucket = 19
group_size = 1
pointer_bucket = 18
group_size = 2
pointer_bucket = 16
group_size = 3
pointer_bucket = 13
group_size = 4
pointer_bucket = 9
group_size = 5
pointer_bucket = 4
group_size = 6
pointer_bucket = 98
self->wnd_buffer[i].size = 1
self->count = 20
bucket_max = 1
last output (precise) = 20
last output (approximate) = 20
self->index_next = 21
pointer_bucket = 20
group_size = 1
pointer_bucket = 19
group_size = 2
pointer_bucket = 17
group_size = 3
pointer_bucket = 14
group_size = 4
pointer_bucket = 10
group_size = 5
pointer_bucket = 5
group_size = 6
pointer_bucket = 99
self->wnd_buffer[i].size = 1
self->count = 21
bucket_max = 1
last output (precise) = 21
last output (approximate) = 21
self->index_next = 22
pointer_bucket = 21
group_size = 1
pointer_bucket = 20
group_size = 2
pointer_bucket = 18
group_size = 3
pointer_bucket = 15
group_size = 4
pointer_bucket = 11
group_size = 5
pointer_bucket = 6
group_size = 6
pointer_bucket = 0
group_size = 7
pointer_bucket = 93
self->wnd_buffer[i].size = 1
self->count = 22
bucket_max = 1
last output (precise) = 22
last output (approximate) = 22
self->index_next = 23
pointer_bucket = 22
group_size = 1
pointer_bucket = 21
group_size = 2
pointer_bucket = 19
group_size = 3
pointer_bucket = 16
group_size = 4
pointer_bucket = 12
group_size = 5
pointer_bucket = 7
group_size = 6
pointer_bucket = 1
group_size = 7
pointer_bucket = 94
self->wnd_buffer[i].size = 1
self->count = 23
bucket_max = 1
last output (precise) = 23
last output (approximate) = 23
self->index_next = 24
pointer_bucket = 23
group_size = 1
pointer_bucket = 22
group_size = 2
pointer_bucket = 20
group_size = 3
pointer_bucket = 17
group_size = 4
pointer_bucket = 13
group_size = 5
pointer_bucket = 8
group_size = 6
pointer_bucket = 2
group_size = 7
pointer_bucket = 95
self->wnd_buffer[i].size = 1
self->count = 24
bucket_max = 1
last output (precise) = 24
last output (approximate) = 24
self->index_next = 25
pointer_bucket = 24
group_size = 1
pointer_bucket = 23
group_size = 2
pointer_bucket = 21
group_size = 3
pointer_bucket = 18
group_size = 4
pointer_bucket = 14
group_size = 5
pointer_bucket = 9
group_size = 6
pointer_bucket = 3
group_size = 7
pointer_bucket = 96
self->wnd_buffer[i].size = 1
self->count = 25
bucket_max = 1
last output (precise) = 25
last output (approximate) = 25
self->index_next = 26
pointer_bucket = 25
group_size = 1
pointer_bucket = 24
group_size = 2
pointer_bucket = 22
group_size = 3
pointer_bucket = 19
group_size = 4
pointer_bucket = 15
group_size = 5
pointer_bucket = 10
group_size = 6
pointer_bucket = 4
group_size = 7
pointer_bucket = 97
self->wnd_buffer[i].size = 1
self->count = 26
bucket_max = 1
last output (precise) = 26
last output (approximate) = 26
self->index_next = 27
pointer_bucket = 26
group_size = 1
pointer_bucket = 25
group_size = 2
pointer_bucket = 23
group_size = 3
pointer_bucket = 20
group_size = 4
pointer_bucket = 16
group_size = 5
pointer_bucket = 11
group_size = 6
pointer_bucket = 5
group_size = 7
pointer_bucket = 98
self->wnd_buffer[i].size = 1
self->count = 27
bucket_max = 1
last output (precise) = 27
last output (approximate) = 27
self->index_next = 28
pointer_bucket = 27
group_size = 1
pointer_bucket = 26
group_size = 2
pointer_bucket = 24
group_size = 3
pointer_bucket = 21
group_size = 4
pointer_bucket = 17
group_size = 5
pointer_bucket = 12
group_size = 6
pointer_bucket = 6
group_size = 7
pointer_bucket = 99
self->wnd_buffer[i].size = 1
self->count = 28
bucket_max = 1
last output (precise) = 28
last output (approximate) = 28
self->index_next = 29
pointer_bucket = 28
group_size = 1
pointer_bucket = 27
group_size = 2
pointer_bucket = 25
group_size = 3
pointer_bucket = 22
group_size = 4
pointer_bucket = 18
group_size = 5
pointer_bucket = 13
group_size = 6
pointer_bucket = 7
group_size = 7
pointer_bucket = 0
group_size = 8
pointer_bucket = 92
self->wnd_buffer[i].size = 1
self->count = 29
bucket_max = 1
last output (precise) = 29
last output (approximate) = 29
self->index_next = 30
pointer_bucket = 29
group_size = 1
pointer_bucket = 28
group_size = 2
pointer_bucket = 26
group_size = 3
pointer_bucket = 23
group_size = 4
pointer_bucket = 19
group_size = 5
pointer_bucket = 14
group_size = 6
pointer_bucket = 8
group_size = 7
pointer_bucket = 1
group_size = 8
pointer_bucket = 93
self->wnd_buffer[i].size = 1
self->count = 30
bucket_max = 1
last output (precise) = 30
last output (approximate) = 30
self->index_next = 31
pointer_bucket = 30
group_size = 1
pointer_bucket = 29
group_size = 2
pointer_bucket = 27
group_size = 3
pointer_bucket = 24
group_size = 4
pointer_bucket = 20
group_size = 5
pointer_bucket = 15
group_size = 6
pointer_bucket = 9
group_size = 7
pointer_bucket = 2
group_size = 8
pointer_bucket = 94
self->wnd_buffer[i].size = 1
self->count = 31
bucket_max = 1
last output (precise) = 31
last output (approximate) = 31
self->index_next = 32
pointer_bucket = 31
group_size = 1
pointer_bucket = 30
group_size = 2
pointer_bucket = 28
group_size = 3
pointer_bucket = 25
group_size = 4
pointer_bucket = 21
group_size = 5
pointer_bucket = 16
group_size = 6
pointer_bucket = 10
group_size = 7
pointer_bucket = 3
group_size = 8
pointer_bucket = 95
self->wnd_buffer[i].size = 1
self->count = 32
bucket_max = 1
last output (precise) = 32
last output (approximate) = 32
self->index_next = 33
pointer_bucket = 32
group_size = 1
pointer_bucket = 31
group_size = 2
pointer_bucket = 29
group_size = 3
pointer_bucket = 26
group_size = 4
pointer_bucket = 22
group_size = 5
pointer_bucket = 17
group_size = 6
pointer_bucket = 11
group_size = 7
pointer_bucket = 4
group_size = 8
pointer_bucket = 96
self->wnd_buffer[i].size = 1
self->count = 33
bucket_max = 1
last output (precise) = 33
last output (approximate) = 33
self->index_next = 34
pointer_bucket = 33
group_size = 1
pointer_bucket = 32
group_size = 2
pointer_bucket = 30
group_size = 3
pointer_bucket = 27
group_size = 4
pointer_bucket = 23
group_size = 5
pointer_bucket = 18
group_size = 6
pointer_bucket = 12
group_size = 7
pointer_bucket = 5
group_size = 8
pointer_bucket = 97
self->wnd_buffer[i].size = 1
self->count = 34
bucket_max = 1
last output (precise) = 34
last output (approximate) = 34
self->index_next = 35
pointer_bucket = 34
group_size = 1
pointer_bucket = 33
group_size = 2
pointer_bucket = 31
group_size = 3
pointer_bucket = 28
group_size = 4
pointer_bucket = 24
group_size = 5
pointer_bucket = 19
group_size = 6
pointer_bucket = 13
group_size = 7
pointer_bucket = 6
group_size = 8
pointer_bucket = 98
self->wnd_buffer[i].size = 1
self->count = 35
bucket_max = 1
last output (precise) = 35
last output (approximate) = 35
self->index_next = 36
pointer_bucket = 35
group_size = 1
pointer_bucket = 34
group_size = 2
pointer_bucket = 32
group_size = 3
pointer_bucket = 29
group_size = 4
pointer_bucket = 25
group_size = 5
pointer_bucket = 20
group_size = 6
pointer_bucket = 14
group_size = 7
pointer_bucket = 7
group_size = 8
pointer_bucket = 99
self->wnd_buffer[i].size = 1
self->count = 36
bucket_max = 1
last output (precise) = 36
last output (approximate) = 36
self->index_next = 37
pointer_bucket = 36
group_size = 1
pointer_bucket = 35
group_size = 2
pointer_bucket = 33
group_size = 3
pointer_bucket = 30
group_size = 4
pointer_bucket = 26
group_size = 5
pointer_bucket = 21
group_size = 6
pointer_bucket = 15
group_size = 7
pointer_bucket = 8
group_size = 8
pointer_bucket = 0
group_size = 9
pointer_bucket = 91
self->wnd_buffer[i].size = 1
self->count = 37
bucket_max = 1
last output (precise) = 37
last output (approximate) = 37
self->index_next = 38
pointer_bucket = 37
group_size = 1
pointer_bucket = 36
group_size = 2
pointer_bucket = 34
group_size = 3
pointer_bucket = 31
group_size = 4
pointer_bucket = 27
group_size = 5
pointer_bucket = 22
group_size = 6
pointer_bucket = 16
group_size = 7
pointer_bucket = 9
group_size = 8
pointer_bucket = 1
group_size = 9
pointer_bucket = 92
self->wnd_buffer[i].size = 1
self->count = 38
bucket_max = 1
last output (precise) = 38
last output (approximate) = 38
self->index_next = 39
pointer_bucket = 38
group_size = 1
pointer_bucket = 37
group_size = 2
pointer_bucket = 35
group_size = 3
pointer_bucket = 32
group_size = 4
pointer_bucket = 28
group_size = 5
pointer_bucket = 23
group_size = 6
pointer_bucket = 17
group_size = 7
pointer_bucket = 10
group_size = 8
pointer_bucket = 2
group_size = 9
pointer_bucket = 93
self->wnd_buffer[i].size = 1
self->count = 39
bucket_max = 1
last output (precise) = 39
last output (approximate) = 39
self->index_next = 40
pointer_bucket = 39
group_size = 1
pointer_bucket = 38
group_size = 2
pointer_bucket = 36
group_size = 3
pointer_bucket = 33
group_size = 4
pointer_bucket = 29
group_size = 5
pointer_bucket = 24
group_size = 6
pointer_bucket = 18
group_size = 7
pointer_bucket = 11
group_size = 8
pointer_bucket = 3
group_size = 9
pointer_bucket = 94
self->wnd_buffer[i].size = 1
self->count = 40
bucket_max = 1
last output (precise) = 40
last output (approximate) = 40
self->index_next = 41
pointer_bucket = 40
group_size = 1
pointer_bucket = 39
group_size = 2
pointer_bucket = 37
group_size = 3
pointer_bucket = 34
group_size = 4
pointer_bucket = 30
group_size = 5
pointer_bucket = 25
group_size = 6
pointer_bucket = 19
group_size = 7
pointer_bucket = 12
group_size = 8
pointer_bucket = 4
group_size = 9
pointer_bucket = 95
self->wnd_buffer[i].size = 1
self->count = 41
bucket_max = 1
last output (precise) = 41
last output (approximate) = 41
self->index_next = 42
pointer_bucket = 41
group_size = 1
pointer_bucket = 40
group_size = 2
pointer_bucket = 38
group_size = 3
pointer_bucket = 35
group_size = 4
pointer_bucket = 31
group_size = 5
pointer_bucket = 26
group_size = 6
pointer_bucket = 20
group_size = 7
pointer_bucket = 13
group_size = 8
pointer_bucket = 5
group_size = 9
pointer_bucket = 96
self->wnd_buffer[i].size = 1
self->count = 42
bucket_max = 1
last output (precise) = 42
last output (approximate) = 42
self->index_next = 43
pointer_bucket = 42
group_size = 1
pointer_bucket = 41
group_size = 2
pointer_bucket = 39
group_size = 3
pointer_bucket = 36
group_size = 4
pointer_bucket = 32
group_size = 5
pointer_bucket = 27
group_size = 6
pointer_bucket = 21
group_size = 7
pointer_bucket = 14
group_size = 8
pointer_bucket = 6
group_size = 9
pointer_bucket = 97
self->wnd_buffer[i].size = 1
self->count = 43
bucket_max = 1
last output (precise) = 43
last output (approximate) = 43
self->index_next = 44
pointer_bucket = 43
group_size = 1
pointer_bucket = 42
group_size = 2
pointer_bucket = 40
group_size = 3
pointer_bucket = 37
group_size = 4
pointer_bucket = 33
group_size = 5
pointer_bucket = 28
group_size = 6
pointer_bucket = 22
group_size = 7
pointer_bucket = 15
group_size = 8
pointer_bucket = 7
group_size = 9
pointer_bucket = 98
self->wnd_buffer[i].size = 1
self->count = 44
bucket_max = 1
last output (precise) = 44
last output (approximate) = 44
self->index_next = 45
pointer_bucket = 44
group_size = 1
pointer_bucket = 43
group_size = 2
pointer_bucket = 41
group_size = 3
pointer_bucket = 38
group_size = 4
pointer_bucket = 34
group_size = 5
pointer_bucket = 29
group_size = 6
pointer_bucket = 23
group_size = 7
pointer_bucket = 16
group_size = 8
pointer_bucket = 8
group_size = 9
pointer_bucket = 99
self->wnd_buffer[i].size = 1
self->count = 45
bucket_max = 1
last output (precise) = 45
last output (approximate) = 45
self->index_next = 46
pointer_bucket = 45
group_size = 1
pointer_bucket = 44
group_size = 2
pointer_bucket = 42
group_size = 3
pointer_bucket = 39
group_size = 4
pointer_bucket = 35
group_size = 5
pointer_bucket = 30
group_size = 6
pointer_bucket = 24
group_size = 7
pointer_bucket = 17
group_size = 8
pointer_bucket = 9
group_size = 9
pointer_bucket = 0
group_size = 10
pointer_bucket = 90
self->wnd_buffer[i].size = 1
self->count = 46
bucket_max = 1
last output (precise) = 46
last output (approximate) = 46
self->index_next = 47
pointer_bucket = 46
group_size = 1
pointer_bucket = 45
group_size = 2
pointer_bucket = 43
group_size = 3
pointer_bucket = 40
group_size = 4
pointer_bucket = 36
group_size = 5
pointer_bucket = 31
group_size = 6
pointer_bucket = 25
group_size = 7
pointer_bucket = 18
group_size = 8
pointer_bucket = 10
group_size = 9
pointer_bucket = 1
group_size = 10
pointer_bucket = 91
self->wnd_buffer[i].size = 1
self->count = 47
bucket_max = 1
last output (precise) = 47
last output (approximate) = 47
self->index_next = 48
pointer_bucket = 47
group_size = 1
pointer_bucket = 46
group_size = 2
pointer_bucket = 44
group_size = 3
pointer_bucket = 41
group_size = 4
pointer_bucket = 37
group_size = 5
pointer_bucket = 32
group_size = 6
pointer_bucket = 26
group_size = 7
pointer_bucket = 19
group_size = 8
pointer_bucket = 11
group_size = 9
pointer_bucket = 2
group_size = 10
pointer_bucket = 92
self->wnd_buffer[i].size = 1
self->count = 48
bucket_max = 1
last output (precise) = 48
last output (approximate) = 48
self->index_next = 49
pointer_bucket = 48
group_size = 1
pointer_bucket = 47
group_size = 2
pointer_bucket = 45
group_size = 3
pointer_bucket = 42
group_size = 4
pointer_bucket = 38
group_size = 5
pointer_bucket = 33
group_size = 6
pointer_bucket = 27
group_size = 7
pointer_bucket = 20
group_size = 8
pointer_bucket = 12
group_size = 9
pointer_bucket = 3
group_size = 10
pointer_bucket = 93
self->wnd_buffer[i].size = 1
self->count = 49
bucket_max = 1
last output (precise) = 49
last output (approximate) = 49
self->index_next = 50
pointer_bucket = 49
group_size = 1
pointer_bucket = 48
group_size = 2
pointer_bucket = 46
group_size = 3
pointer_bucket = 43
group_size = 4
pointer_bucket = 39
group_size = 5
pointer_bucket = 34
group_size = 6
pointer_bucket = 28
group_size = 7
pointer_bucket = 21
group_size = 8
pointer_bucket = 13
group_size = 9
pointer_bucket = 4
group_size = 10
pointer_bucket = 94
self->wnd_buffer[i].size = 1
self->count = 50
bucket_max = 1
last output (precise) = 50
last output (approximate) = 50
self->index_next = 51
pointer_bucket = 50
group_size = 1
pointer_bucket = 49
group_size = 2
pointer_bucket = 47
group_size = 3
pointer_bucket = 44
group_size = 4
pointer_bucket = 40
group_size = 5
pointer_bucket = 35
group_size = 6
pointer_bucket = 29
group_size = 7
pointer_bucket = 22
group_size = 8
pointer_bucket = 14
group_size = 9
pointer_bucket = 5
group_size = 10
pointer_bucket = 95
self->wnd_buffer[i].size = 1
self->count = 51
bucket_max = 1
last output (precise) = 51
last output (approximate) = 51
self->index_next = 52
pointer_bucket = 51
group_size = 1
pointer_bucket = 50
group_size = 2
pointer_bucket = 48
group_size = 3
pointer_bucket = 45
group_size = 4
pointer_bucket = 41
group_size = 5
pointer_bucket = 36
group_size = 6
pointer_bucket = 30
group_size = 7
pointer_bucket = 23
group_size = 8
pointer_bucket = 15
group_size = 9
pointer_bucket = 6
group_size = 10
pointer_bucket = 96
self->wnd_buffer[i].size = 1
self->count = 52
bucket_max = 1
last output (precise) = 52
last output (approximate) = 52
self->index_next = 53
pointer_bucket = 52
group_size = 1
pointer_bucket = 51
group_size = 2
pointer_bucket = 49
group_size = 3
pointer_bucket = 46
group_size = 4
pointer_bucket = 42
group_size = 5
pointer_bucket = 37
group_size = 6
pointer_bucket = 31
group_size = 7
pointer_bucket = 24
group_size = 8
pointer_bucket = 16
group_size = 9
pointer_bucket = 7
group_size = 10
pointer_bucket = 97
self->wnd_buffer[i].size = 1
self->count = 53
bucket_max = 1
last output (precise) = 53
last output (approximate) = 53
self->index_next = 54
pointer_bucket = 53
group_size = 1
pointer_bucket = 52
group_size = 2
pointer_bucket = 50
group_size = 3
pointer_bucket = 47
group_size = 4
pointer_bucket = 43
group_size = 5
pointer_bucket = 38
group_size = 6
pointer_bucket = 32
group_size = 7
pointer_bucket = 25
group_size = 8
pointer_bucket = 17
group_size = 9
pointer_bucket = 8
group_size = 10
pointer_bucket = 98
self->wnd_buffer[i].size = 1
self->count = 54
bucket_max = 1
last output (precise) = 54
last output (approximate) = 54
self->index_next = 55
pointer_bucket = 54
group_size = 1
pointer_bucket = 53
group_size = 2
pointer_bucket = 51
group_size = 3
pointer_bucket = 48
group_size = 4
pointer_bucket = 44
group_size = 5
pointer_bucket = 39
group_size = 6
pointer_bucket = 33
group_size = 7
pointer_bucket = 26
group_size = 8
pointer_bucket = 18
group_size = 9
pointer_bucket = 9
group_size = 10
pointer_bucket = 99
self->wnd_buffer[i].size = 1
self->count = 55
bucket_max = 1
last output (precise) = 55
last output (approximate) = 55
self->index_next = 56
pointer_bucket = 55
group_size = 1
pointer_bucket = 54
group_size = 2
pointer_bucket = 52
group_size = 3
pointer_bucket = 49
group_size = 4
pointer_bucket = 45
group_size = 5
pointer_bucket = 40
group_size = 6
pointer_bucket = 34
group_size = 7
pointer_bucket = 27
group_size = 8
pointer_bucket = 19
group_size = 9
pointer_bucket = 10
group_size = 10
pointer_bucket = 0
group_size = 11
pointer_bucket = 89
self->wnd_buffer[i].size = 1
self->count = 56
bucket_max = 1
last output (precise) = 56
last output (approximate) = 56
self->index_next = 57
pointer_bucket = 56
group_size = 1
pointer_bucket = 55
group_size = 2
pointer_bucket = 53
group_size = 3
pointer_bucket = 50
group_size = 4
pointer_bucket = 46
group_size = 5
pointer_bucket = 41
group_size = 6
pointer_bucket = 35
group_size = 7
pointer_bucket = 28
group_size = 8
pointer_bucket = 20
group_size = 9
pointer_bucket = 11
group_size = 10
pointer_bucket = 1
group_size = 11
pointer_bucket = 90
self->wnd_buffer[i].size = 1
self->count = 57
bucket_max = 1
last output (precise) = 57
last output (approximate) = 57
self->index_next = 58
pointer_bucket = 57
group_size = 1
pointer_bucket = 56
group_size = 2
pointer_bucket = 54
group_size = 3
pointer_bucket = 51
group_size = 4
pointer_bucket = 47
group_size = 5
pointer_bucket = 42
group_size = 6
pointer_bucket = 36
group_size = 7
pointer_bucket = 29
group_size = 8
pointer_bucket = 21
group_size = 9
pointer_bucket = 12
group_size = 10
pointer_bucket = 2
group_size = 11
pointer_bucket = 91
self->wnd_buffer[i].size = 1
self->count = 58
bucket_max = 1
last output (precise) = 58
last output (approximate) = 58
self->index_next = 59
pointer_bucket = 58
group_size = 1
pointer_bucket = 57
group_size = 2
pointer_bucket = 55
group_size = 3
pointer_bucket = 52
group_size = 4
pointer_bucket = 48
group_size = 5
pointer_bucket = 43
group_size = 6
pointer_bucket = 37
group_size = 7
pointer_bucket = 30
group_size = 8
pointer_bucket = 22
group_size = 9
pointer_bucket = 13
group_size = 10
pointer_bucket = 3
group_size = 11
pointer_bucket = 92
self->wnd_buffer[i].size = 1
self->count = 59
bucket_max = 1
last output (precise) = 59
last output (approximate) = 59
self->index_next = 60
pointer_bucket = 59
group_size = 1
pointer_bucket = 58
group_size = 2
pointer_bucket = 56
group_size = 3
pointer_bucket = 53
group_size = 4
pointer_bucket = 49
group_size = 5
pointer_bucket = 44
group_size = 6
pointer_bucket = 38
group_size = 7
pointer_bucket = 31
group_size = 8
pointer_bucket = 23
group_size = 9
pointer_bucket = 14
group_size = 10
pointer_bucket = 4
group_size = 11
pointer_bucket = 93
self->wnd_buffer[i].size = 1
self->count = 60
bucket_max = 1
last output (precise) = 60
last output (approximate) = 60
self->index_next = 61
pointer_bucket = 60
group_size = 1
pointer_bucket = 59
group_size = 2
pointer_bucket = 57
group_size = 3
pointer_bucket = 54
group_size = 4
pointer_bucket = 50
group_size = 5
pointer_bucket = 45
group_size = 6
pointer_bucket = 39
group_size = 7
pointer_bucket = 32
group_size = 8
pointer_bucket = 24
group_size = 9
pointer_bucket = 15
group_size = 10
pointer_bucket = 5
group_size = 11
pointer_bucket = 94
self->wnd_buffer[i].size = 1
self->count = 61
bucket_max = 1
last output (precise) = 61
last output (approximate) = 61
self->index_next = 62
pointer_bucket = 61
group_size = 1
pointer_bucket = 60
group_size = 2
pointer_bucket = 58
group_size = 3
pointer_bucket = 55
group_size = 4
pointer_bucket = 51
group_size = 5
pointer_bucket = 46
group_size = 6
pointer_bucket = 40
group_size = 7
pointer_bucket = 33
group_size = 8
pointer_bucket = 25
group_size = 9
pointer_bucket = 16
group_size = 10
pointer_bucket = 6
group_size = 11
pointer_bucket = 95
self->wnd_buffer[i].size = 1
self->count = 62
bucket_max = 1
last output (precise) = 62
last output (approximate) = 62
self->index_next = 63
pointer_bucket = 62
group_size = 1
pointer_bucket = 61
group_size = 2
pointer_bucket = 59
group_size = 3
pointer_bucket = 56
group_size = 4
pointer_bucket = 52
group_size = 5
pointer_bucket = 47
group_size = 6
pointer_bucket = 41
group_size = 7
pointer_bucket = 34
group_size = 8
pointer_bucket = 26
group_size = 9
pointer_bucket = 17
group_size = 10
pointer_bucket = 7
group_size = 11
pointer_bucket = 96
self->wnd_buffer[i].size = 1
self->count = 63
bucket_max = 1
last output (precise) = 63
last output (approximate) = 63
self->index_next = 64
pointer_bucket = 63
group_size = 1
pointer_bucket = 62
group_size = 2
pointer_bucket = 60
group_size = 3
pointer_bucket = 57
group_size = 4
pointer_bucket = 53
group_size = 5
pointer_bucket = 48
group_size = 6
pointer_bucket = 42
group_size = 7
pointer_bucket = 35
group_size = 8
pointer_bucket = 27
group_size = 9
pointer_bucket = 18
group_size = 10
pointer_bucket = 8
group_size = 11
pointer_bucket = 97
self->wnd_buffer[i].size = 1
self->count = 64
bucket_max = 1
last output (precise) = 64
last output (approximate) = 64
self->index_next = 65
pointer_bucket = 64
group_size = 1
pointer_bucket = 63
group_size = 2
pointer_bucket = 61
group_size = 3
pointer_bucket = 58
group_size = 4
pointer_bucket = 54
group_size = 5
pointer_bucket = 49
group_size = 6
pointer_bucket = 43
group_size = 7
pointer_bucket = 36
group_size = 8
pointer_bucket = 28
group_size = 9
pointer_bucket = 19
group_size = 10
pointer_bucket = 9
group_size = 11
pointer_bucket = 98
self->wnd_buffer[i].size = 1
self->count = 65
bucket_max = 1
last output (precise) = 65
last output (approximate) = 65
self->index_next = 66
pointer_bucket = 65
group_size = 1
pointer_bucket = 64
group_size = 2
pointer_bucket = 62
group_size = 3
pointer_bucket = 59
group_size = 4
pointer_bucket = 55
group_size = 5
pointer_bucket = 50
group_size = 6
pointer_bucket = 44
group_size = 7
pointer_bucket = 37
group_size = 8
pointer_bucket = 29
group_size = 9
pointer_bucket = 20
group_size = 10
pointer_bucket = 10
group_size = 11
pointer_bucket = 99
self->wnd_buffer[i].size = 1
self->count = 66
bucket_max = 1
last output (precise) = 66
last output (approximate) = 66
self->index_next = 67
pointer_bucket = 66
group_size = 1
pointer_bucket = 65
group_size = 2
pointer_bucket = 63
group_size = 3
pointer_bucket = 60
group_size = 4
pointer_bucket = 56
group_size = 5
pointer_bucket = 51
group_size = 6
pointer_bucket = 45
group_size = 7
pointer_bucket = 38
group_size = 8
pointer_bucket = 30
group_size = 9
pointer_bucket = 21
group_size = 10
pointer_bucket = 11
group_size = 11
pointer_bucket = 0
group_size = 12
pointer_bucket = 88
self->wnd_buffer[i].size = 1
self->count = 67
bucket_max = 1
last output (precise) = 67
last output (approximate) = 67
self->index_next = 68
pointer_bucket = 67
group_size = 1
pointer_bucket = 66
group_size = 2
pointer_bucket = 64
group_size = 3
pointer_bucket = 61
group_size = 4
pointer_bucket = 57
group_size = 5
pointer_bucket = 52
group_size = 6
pointer_bucket = 46
group_size = 7
pointer_bucket = 39
group_size = 8
pointer_bucket = 31
group_size = 9
pointer_bucket = 22
group_size = 10
pointer_bucket = 12
group_size = 11
pointer_bucket = 1
group_size = 12
pointer_bucket = 89
self->wnd_buffer[i].size = 1
self->count = 68
bucket_max = 1
last output (precise) = 68
last output (approximate) = 68
self->index_next = 69
pointer_bucket = 68
group_size = 1
pointer_bucket = 67
group_size = 2
pointer_bucket = 65
group_size = 3
pointer_bucket = 62
group_size = 4
pointer_bucket = 58
group_size = 5
pointer_bucket = 53
group_size = 6
pointer_bucket = 47
group_size = 7
pointer_bucket = 40
group_size = 8
pointer_bucket = 32
group_size = 9
pointer_bucket = 23
group_size = 10
pointer_bucket = 13
group_size = 11
pointer_bucket = 2
group_size = 12
pointer_bucket = 90
self->wnd_buffer[i].size = 1
self->count = 69
bucket_max = 1
last output (precise) = 69
last output (approximate) = 69
self->index_next = 70
pointer_bucket = 69
group_size = 1
pointer_bucket = 68
group_size = 2
pointer_bucket = 66
group_size = 3
pointer_bucket = 63
group_size = 4
pointer_bucket = 59
group_size = 5
pointer_bucket = 54
group_size = 6
pointer_bucket = 48
group_size = 7
pointer_bucket = 41
group_size = 8
pointer_bucket = 33
group_size = 9
pointer_bucket = 24
group_size = 10
pointer_bucket = 14
group_size = 11
pointer_bucket = 3
group_size = 12
pointer_bucket = 91
self->wnd_buffer[i].size = 1
self->count = 70
bucket_max = 1
last output (precise) = 70
last output (approximate) = 70
self->index_next = 71
pointer_bucket = 70
group_size = 1
pointer_bucket = 69
group_size = 2
pointer_bucket = 67
group_size = 3
pointer_bucket = 64
group_size = 4
pointer_bucket = 60
group_size = 5
pointer_bucket = 55
group_size = 6
pointer_bucket = 49
group_size = 7
pointer_bucket = 42
group_size = 8
pointer_bucket = 34
group_size = 9
pointer_bucket = 25
group_size = 10
pointer_bucket = 15
group_size = 11
pointer_bucket = 4
group_size = 12
pointer_bucket = 92
self->wnd_buffer[i].size = 1
self->count = 71
bucket_max = 1
last output (precise) = 71
last output (approximate) = 71
self->index_next = 72
pointer_bucket = 71
group_size = 1
pointer_bucket = 70
group_size = 2
pointer_bucket = 68
group_size = 3
pointer_bucket = 65
group_size = 4
pointer_bucket = 61
group_size = 5
pointer_bucket = 56
group_size = 6
pointer_bucket = 50
group_size = 7
pointer_bucket = 43
group_size = 8
pointer_bucket = 35
group_size = 9
pointer_bucket = 26
group_size = 10
pointer_bucket = 16
group_size = 11
pointer_bucket = 5
group_size = 12
pointer_bucket = 93
self->wnd_buffer[i].size = 1
self->count = 72
bucket_max = 1
last output (precise) = 72
last output (approximate) = 72
self->index_next = 73
pointer_bucket = 72
group_size = 1
pointer_bucket = 71
group_size = 2
pointer_bucket = 69
group_size = 3
pointer_bucket = 66
group_size = 4
pointer_bucket = 62
group_size = 5
pointer_bucket = 57
group_size = 6
pointer_bucket = 51
group_size = 7
pointer_bucket = 44
group_size = 8
pointer_bucket = 36
group_size = 9
pointer_bucket = 27
group_size = 10
pointer_bucket = 17
group_size = 11
pointer_bucket = 6
group_size = 12
pointer_bucket = 94
self->wnd_buffer[i].size = 1
self->count = 73
bucket_max = 1
last output (precise) = 73
last output (approximate) = 73
self->index_next = 74
pointer_bucket = 73
group_size = 1
pointer_bucket = 72
group_size = 2
pointer_bucket = 70
group_size = 3
pointer_bucket = 67
group_size = 4
pointer_bucket = 63
group_size = 5
pointer_bucket = 58
group_size = 6
pointer_bucket = 52
group_size = 7
pointer_bucket = 45
group_size = 8
pointer_bucket = 37
group_size = 9
pointer_bucket = 28
group_size = 10
pointer_bucket = 18
group_size = 11
pointer_bucket = 7
group_size = 12
pointer_bucket = 95
self->wnd_buffer[i].size = 1
self->count = 74
bucket_max = 1
last output (precise) = 74
last output (approximate) = 74
self->index_next = 75
pointer_bucket = 74
group_size = 1
pointer_bucket = 73
group_size = 2
pointer_bucket = 71
group_size = 3
pointer_bucket = 68
group_size = 4
pointer_bucket = 64
group_size = 5
pointer_bucket = 59
group_size = 6
pointer_bucket = 53
group_size = 7
pointer_bucket = 46
group_size = 8
pointer_bucket = 38
group_size = 9
pointer_bucket = 29
group_size = 10
pointer_bucket = 19
group_size = 11
pointer_bucket = 8
group_size = 12
pointer_bucket = 96
self->wnd_buffer[i].size = 1
self->count = 75
bucket_max = 1
last output (precise) = 75
last output (approximate) = 75
self->index_next = 76
pointer_bucket = 75
group_size = 1
pointer_bucket = 74
group_size = 2
pointer_bucket = 72
group_size = 3
pointer_bucket = 69
group_size = 4
pointer_bucket = 65
group_size = 5
pointer_bucket = 60
group_size = 6
pointer_bucket = 54
group_size = 7
pointer_bucket = 47
group_size = 8
pointer_bucket = 39
group_size = 9
pointer_bucket = 30
group_size = 10
pointer_bucket = 20
group_size = 11
pointer_bucket = 9
group_size = 12
pointer_bucket = 97
self->wnd_buffer[i].size = 1
self->count = 76
bucket_max = 1
last output (precise) = 76
last output (approximate) = 76
self->index_next = 77
pointer_bucket = 76
group_size = 1
pointer_bucket = 75
group_size = 2
pointer_bucket = 73
group_size = 3
pointer_bucket = 70
group_size = 4
pointer_bucket = 66
group_size = 5
pointer_bucket = 61
group_size = 6
pointer_bucket = 55
group_size = 7
pointer_bucket = 48
group_size = 8
pointer_bucket = 40
group_size = 9
pointer_bucket = 31
group_size = 10
pointer_bucket = 21
group_size = 11
pointer_bucket = 10
group_size = 12
pointer_bucket = 98
self->wnd_buffer[i].size = 1
self->count = 77
bucket_max = 1
last output (precise) = 77
last output (approximate) = 77
self->index_next = 78
pointer_bucket = 77
group_size = 1
pointer_bucket = 76
group_size = 2
pointer_bucket = 74
group_size = 3
pointer_bucket = 71
group_size = 4
pointer_bucket = 67
group_size = 5
pointer_bucket = 62
group_size = 6
pointer_bucket = 56
group_size = 7
pointer_bucket = 49
group_size = 8
pointer_bucket = 41
group_size = 9
pointer_bucket = 32
group_size = 10
pointer_bucket = 22
group_size = 11
pointer_bucket = 11
group_size = 12
pointer_bucket = 99
self->wnd_buffer[i].size = 1
self->count = 78
bucket_max = 1
last output (precise) = 78
last output (approximate) = 78
self->index_next = 79
pointer_bucket = 78
group_size = 1
pointer_bucket = 77
group_size = 2
pointer_bucket = 75
group_size = 3
pointer_bucket = 72
group_size = 4
pointer_bucket = 68
group_size = 5
pointer_bucket = 63
group_size = 6
pointer_bucket = 57
group_size = 7
pointer_bucket = 50
group_size = 8
pointer_bucket = 42
group_size = 9
pointer_bucket = 33
group_size = 10
pointer_bucket = 23
group_size = 11
pointer_bucket = 12
group_size = 12
pointer_bucket = 0
group_size = 13
pointer_bucket = 87
self->wnd_buffer[i].size = 1
self->count = 79
bucket_max = 1
last output (precise) = 79
last output (approximate) = 79
self->index_next = 80
pointer_bucket = 79
group_size = 1
pointer_bucket = 78
group_size = 2
pointer_bucket = 76
group_size = 3
pointer_bucket = 73
group_size = 4
pointer_bucket = 69
group_size = 5
pointer_bucket = 64
group_size = 6
pointer_bucket = 58
group_size = 7
pointer_bucket = 51
group_size = 8
pointer_bucket = 43
group_size = 9
pointer_bucket = 34
group_size = 10
pointer_bucket = 24
group_size = 11
pointer_bucket = 13
group_size = 12
pointer_bucket = 1
group_size = 13
pointer_bucket = 88
self->wnd_buffer[i].size = 1
self->count = 80
bucket_max = 1
last output (precise) = 80
last output (approximate) = 80
self->index_next = 81
pointer_bucket = 80
group_size = 1
pointer_bucket = 79
group_size = 2
pointer_bucket = 77
group_size = 3
pointer_bucket = 74
group_size = 4
pointer_bucket = 70
group_size = 5
pointer_bucket = 65
group_size = 6
pointer_bucket = 59
group_size = 7
pointer_bucket = 52
group_size = 8
pointer_bucket = 44
group_size = 9
pointer_bucket = 35
group_size = 10
pointer_bucket = 25
group_size = 11
pointer_bucket = 14
group_size = 12
pointer_bucket = 2
group_size = 13
pointer_bucket = 89
self->wnd_buffer[i].size = 1
self->count = 81
bucket_max = 1
last output (precise) = 81
last output (approximate) = 81
self->index_next = 82
pointer_bucket = 81
group_size = 1
pointer_bucket = 80
group_size = 2
pointer_bucket = 78
group_size = 3
pointer_bucket = 75
group_size = 4
pointer_bucket = 71
group_size = 5
pointer_bucket = 66
group_size = 6
pointer_bucket = 60
group_size = 7
pointer_bucket = 53
group_size = 8
pointer_bucket = 45
group_size = 9
pointer_bucket = 36
group_size = 10
pointer_bucket = 26
group_size = 11
pointer_bucket = 15
group_size = 12
pointer_bucket = 3
group_size = 13
pointer_bucket = 90
self->wnd_buffer[i].size = 1
self->count = 82
bucket_max = 1
last output (precise) = 82
last output (approximate) = 82
self->index_next = 83
pointer_bucket = 82
group_size = 1
pointer_bucket = 81
group_size = 2
pointer_bucket = 79
group_size = 3
pointer_bucket = 76
group_size = 4
pointer_bucket = 72
group_size = 5
pointer_bucket = 67
group_size = 6
pointer_bucket = 61
group_size = 7
pointer_bucket = 54
group_size = 8
pointer_bucket = 46
group_size = 9
pointer_bucket = 37
group_size = 10
pointer_bucket = 27
group_size = 11
pointer_bucket = 16
group_size = 12
pointer_bucket = 4
group_size = 13
pointer_bucket = 91
self->wnd_buffer[i].size = 1
self->count = 83
bucket_max = 1
last output (precise) = 83
last output (approximate) = 83
self->index_next = 84
pointer_bucket = 83
group_size = 1
pointer_bucket = 82
group_size = 2
pointer_bucket = 80
group_size = 3
pointer_bucket = 77
group_size = 4
pointer_bucket = 73
group_size = 5
pointer_bucket = 68
group_size = 6
pointer_bucket = 62
group_size = 7
pointer_bucket = 55
group_size = 8
pointer_bucket = 47
group_size = 9
pointer_bucket = 38
group_size = 10
pointer_bucket = 28
group_size = 11
pointer_bucket = 17
group_size = 12
pointer_bucket = 5
group_size = 13
pointer_bucket = 92
self->wnd_buffer[i].size = 1
self->count = 84
bucket_max = 1
last output (precise) = 84
last output (approximate) = 84
self->index_next = 85
pointer_bucket = 84
group_size = 1
pointer_bucket = 83
group_size = 2
pointer_bucket = 81
group_size = 3
pointer_bucket = 78
group_size = 4
pointer_bucket = 74
group_size = 5
pointer_bucket = 69
group_size = 6
pointer_bucket = 63
group_size = 7
pointer_bucket = 56
group_size = 8
pointer_bucket = 48
group_size = 9
pointer_bucket = 39
group_size = 10
pointer_bucket = 29
group_size = 11
pointer_bucket = 18
group_size = 12
pointer_bucket = 6
group_size = 13
pointer_bucket = 93
self->wnd_buffer[i].size = 1
self->count = 85
bucket_max = 1
last output (precise) = 85
last output (approximate) = 85
self->index_next = 86
pointer_bucket = 85
group_size = 1
pointer_bucket = 84
group_size = 2
pointer_bucket = 82
group_size = 3
pointer_bucket = 79
group_size = 4
pointer_bucket = 75
group_size = 5
pointer_bucket = 70
group_size = 6
pointer_bucket = 64
group_size = 7
pointer_bucket = 57
group_size = 8
pointer_bucket = 49
group_size = 9
pointer_bucket = 40
group_size = 10
pointer_bucket = 30
group_size = 11
pointer_bucket = 19
group_size = 12
pointer_bucket = 7
group_size = 13
pointer_bucket = 94
self->wnd_buffer[i].size = 1
self->count = 86
bucket_max = 1
last output (precise) = 86
last output (approximate) = 86
self->index_next = 87
pointer_bucket = 86
group_size = 1
pointer_bucket = 85
group_size = 2
pointer_bucket = 83
group_size = 3
pointer_bucket = 80
group_size = 4
pointer_bucket = 76
group_size = 5
pointer_bucket = 71
group_size = 6
pointer_bucket = 65
group_size = 7
pointer_bucket = 58
group_size = 8
pointer_bucket = 50
group_size = 9
pointer_bucket = 41
group_size = 10
pointer_bucket = 31
group_size = 11
pointer_bucket = 20
group_size = 12
pointer_bucket = 8
group_size = 13
pointer_bucket = 95
self->wnd_buffer[i].size = 1
self->count = 87
bucket_max = 1
last output (precise) = 87
last output (approximate) = 87
self->index_next = 88
pointer_bucket = 87
group_size = 1
pointer_bucket = 86
group_size = 2
pointer_bucket = 84
group_size = 3
pointer_bucket = 81
group_size = 4
pointer_bucket = 77
group_size = 5
pointer_bucket = 72
group_size = 6
pointer_bucket = 66
group_size = 7
pointer_bucket = 59
group_size = 8
pointer_bucket = 51
group_size = 9
pointer_bucket = 42
group_size = 10
pointer_bucket = 32
group_size = 11
pointer_bucket = 21
group_size = 12
pointer_bucket = 9
group_size = 13
pointer_bucket = 96
self->wnd_buffer[i].size = 1
self->count = 88
bucket_max = 1
last output (precise) = 88
last output (approximate) = 88
self->index_next = 89
pointer_bucket = 88
group_size = 1
pointer_bucket = 87
group_size = 2
pointer_bucket = 85
group_size = 3
pointer_bucket = 82
group_size = 4
pointer_bucket = 78
group_size = 5
pointer_bucket = 73
group_size = 6
pointer_bucket = 67
group_size = 7
pointer_bucket = 60
group_size = 8
pointer_bucket = 52
group_size = 9
pointer_bucket = 43
group_size = 10
pointer_bucket = 33
group_size = 11
pointer_bucket = 22
group_size = 12
pointer_bucket = 10
group_size = 13
pointer_bucket = 97
self->wnd_buffer[i].size = 1
self->count = 89
bucket_max = 1
last output (precise) = 89
last output (approximate) = 89
self->index_next = 90
pointer_bucket = 89
group_size = 1
pointer_bucket = 88
group_size = 2
pointer_bucket = 86
group_size = 3
pointer_bucket = 83
group_size = 4
pointer_bucket = 79
group_size = 5
pointer_bucket = 74
group_size = 6
pointer_bucket = 68
group_size = 7
pointer_bucket = 61
group_size = 8
pointer_bucket = 53
group_size = 9
pointer_bucket = 44
group_size = 10
pointer_bucket = 34
group_size = 11
pointer_bucket = 23
group_size = 12
pointer_bucket = 11
group_size = 13
pointer_bucket = 98
self->wnd_buffer[i].size = 1
self->count = 90
bucket_max = 1
last output (precise) = 90
last output (approximate) = 90
self->index_next = 91
pointer_bucket = 90
group_size = 1
pointer_bucket = 89
group_size = 2
pointer_bucket = 87
group_size = 3
pointer_bucket = 84
group_size = 4
pointer_bucket = 80
group_size = 5
pointer_bucket = 75
group_size = 6
pointer_bucket = 69
group_size = 7
pointer_bucket = 62
group_size = 8
pointer_bucket = 54
group_size = 9
pointer_bucket = 45
group_size = 10
pointer_bucket = 35
group_size = 11
pointer_bucket = 24
group_size = 12
pointer_bucket = 12
group_size = 13
pointer_bucket = 99
self->wnd_buffer[i].size = 1
self->count = 91
bucket_max = 1
last output (precise) = 91
last output (approximate) = 91
self->index_next = 92
pointer_bucket = 91
group_size = 1
pointer_bucket = 90
group_size = 2
pointer_bucket = 88
group_size = 3
pointer_bucket = 85
group_size = 4
pointer_bucket = 81
group_size = 5
pointer_bucket = 76
group_size = 6
pointer_bucket = 70
group_size = 7
pointer_bucket = 63
group_size = 8
pointer_bucket = 55
group_size = 9
pointer_bucket = 46
group_size = 10
pointer_bucket = 36
group_size = 11
pointer_bucket = 25
group_size = 12
pointer_bucket = 13
group_size = 13
pointer_bucket = 0
group_size = 14
pointer_bucket = 86
group_size = 15
pointer_bucket = 71
group_size = 16
pointer_bucket = 55
group_size = 17
pointer_bucket = 38
group_size = 18
pointer_bucket = 20
group_size = 19
pointer_bucket = 1
group_size = 20
pointer_bucket = 81
group_size = 21
pointer_bucket = 60
group_size = 22
pointer_bucket = 38
group_size = 23
pointer_bucket = 15
group_size = 24
pointer_bucket = 91
group_size = 25
pointer_bucket = 66
group_size = 26
pointer_bucket = 40
group_size = 27
pointer_bucket = 13
group_size = 28
pointer_bucket = 85
group_size = 29
pointer_bucket = 56
group_size = 30
pointer_bucket = 26
group_size = 31
pointer_bucket = 95
self->wnd_buffer[i].size = 1
self->count = 92
bucket_max = 1
last output (precise) = 92
last output (approximate) = 92
self->index_next = 93
pointer_bucket = 92
group_size = 1
pointer_bucket = 91
group_size = 2
pointer_bucket = 89
group_size = 3
pointer_bucket = 86
group_size = 4
pointer_bucket = 82
group_size = 5
pointer_bucket = 77
group_size = 6
pointer_bucket = 71
group_size = 7
pointer_bucket = 64
group_size = 8
pointer_bucket = 56
group_size = 9
pointer_bucket = 47
group_size = 10
pointer_bucket = 37
group_size = 11
pointer_bucket = 26
group_size = 12
pointer_bucket = 14
group_size = 13
pointer_bucket = 1
group_size = 14
pointer_bucket = 87
group_size = 15
pointer_bucket = 72
group_size = 16
pointer_bucket = 56
group_size = 17
pointer_bucket = 39
group_size = 18
pointer_bucket = 21
group_size = 19
pointer_bucket = 2
group_size = 20
pointer_bucket = 82
group_size = 21
pointer_bucket = 61
group_size = 22
pointer_bucket = 39
group_size = 23
pointer_bucket = 16
group_size = 24
pointer_bucket = 92
group_size = 25
pointer_bucket = 67
group_size = 26
pointer_bucket = 41
group_size = 27
pointer_bucket = 14
group_size = 28
pointer_bucket = 86
group_size = 29
pointer_bucket = 57
group_size = 30
pointer_bucket = 27
group_size = 31
pointer_bucket = 96
self->wnd_buffer[i].size = 1
self->count = 93
bucket_max = 1
last output (precise) = 93
last output (approximate) = 93
self->index_next = 94
pointer_bucket = 93
group_size = 1
pointer_bucket = 92
group_size = 2
pointer_bucket = 90
group_size = 3
pointer_bucket = 87
group_size = 4
pointer_bucket = 83
group_size = 5
pointer_bucket = 78
group_size = 6
pointer_bucket = 72
group_size = 7
pointer_bucket = 65
group_size = 8
pointer_bucket = 57
group_size = 9
pointer_bucket = 48
group_size = 10
pointer_bucket = 38
group_size = 11
pointer_bucket = 27
group_size = 12
pointer_bucket = 15
group_size = 13
pointer_bucket = 2
group_size = 14
pointer_bucket = 88
group_size = 15
pointer_bucket = 73
group_size = 16
pointer_bucket = 57
group_size = 17
pointer_bucket = 40
group_size = 18
pointer_bucket = 22
group_size = 19
pointer_bucket = 3
group_size = 20
pointer_bucket = 83
group_size = 21
pointer_bucket = 62
group_size = 22
pointer_bucket = 40
group_size = 23
pointer_bucket = 17
group_size = 24
pointer_bucket = 93
group_size = 25
pointer_bucket = 68
group_size = 26
pointer_bucket = 42
group_size = 27
pointer_bucket = 15
group_size = 28
pointer_bucket = 87
group_size = 29
pointer_bucket = 58
group_size = 30
pointer_bucket = 28
group_size = 31
pointer_bucket = 97
self->wnd_buffer[i].size = 1
self->count = 94
bucket_max = 1
last output (precise) = 94
last output (approximate) = 94
self->index_next = 95
pointer_bucket = 94
group_size = 1
pointer_bucket = 93
group_size = 2
pointer_bucket = 91
group_size = 3
pointer_bucket = 88
group_size = 4
pointer_bucket = 84
group_size = 5
pointer_bucket = 79
group_size = 6
pointer_bucket = 73
group_size = 7
pointer_bucket = 66
group_size = 8
pointer_bucket = 58
group_size = 9
pointer_bucket = 49
group_size = 10
pointer_bucket = 39
group_size = 11
pointer_bucket = 28
group_size = 12
pointer_bucket = 16
group_size = 13
pointer_bucket = 3
group_size = 14
pointer_bucket = 89
group_size = 15
pointer_bucket = 74
group_size = 16
pointer_bucket = 58
group_size = 17
pointer_bucket = 41
group_size = 18
pointer_bucket = 23
group_size = 19
pointer_bucket = 4
group_size = 20
pointer_bucket = 84
group_size = 21
pointer_bucket = 63
group_size = 22
pointer_bucket = 41
group_size = 23
pointer_bucket = 18
group_size = 24
pointer_bucket = 94
group_size = 25
pointer_bucket = 69
group_size = 26
pointer_bucket = 43
group_size = 27
pointer_bucket = 16
group_size = 28
pointer_bucket = 88
group_size = 29
pointer_bucket = 59
group_size = 30
pointer_bucket = 29
group_size = 31
pointer_bucket = 98
self->wnd_buffer[i].size = 1
self->count = 95
bucket_max = 1
last output (precise) = 95
last output (approximate) = 95
self->index_next = 96
pointer_bucket = 95
group_size = 1
pointer_bucket = 94
group_size = 2
pointer_bucket = 92
group_size = 3
pointer_bucket = 89
group_size = 4
pointer_bucket = 85
group_size = 5
pointer_bucket = 80
group_size = 6
pointer_bucket = 74
group_size = 7
pointer_bucket = 67
group_size = 8
pointer_bucket = 59
group_size = 9
pointer_bucket = 50
group_size = 10
pointer_bucket = 40
group_size = 11
pointer_bucket = 29
group_size = 12
pointer_bucket = 17
group_size = 13
pointer_bucket = 4
group_size = 14
pointer_bucket = 90
group_size = 15
pointer_bucket = 75
group_size = 16
pointer_bucket = 59
group_size = 17
pointer_bucket = 42
group_size = 18
pointer_bucket = 24
group_size = 19
pointer_bucket = 5
group_size = 20
pointer_bucket = 85
group_size = 21
pointer_bucket = 64
group_size = 22
pointer_bucket = 42
group_size = 23
pointer_bucket = 19
group_size = 24
pointer_bucket = 95
group_size = 25
pointer_bucket = 70
group_size = 26
pointer_bucket = 44
group_size = 27
pointer_bucket = 17
group_size = 28
pointer_bucket = 89
group_size = 29
pointer_bucket = 60
group_size = 30
pointer_bucket = 30
group_size = 31
pointer_bucket = 99
self->wnd_buffer[i].size = 1
self->count = 96
bucket_max = 1
last output (precise) = 96
last output (approximate) = 96
self->index_next = 97
pointer_bucket = 96
group_size = 1
pointer_bucket = 95
group_size = 2
pointer_bucket = 93
group_size = 3
pointer_bucket = 90
group_size = 4
pointer_bucket = 86
group_size = 5
pointer_bucket = 81
group_size = 6
pointer_bucket = 75
group_size = 7
pointer_bucket = 68
group_size = 8
pointer_bucket = 60
group_size = 9
pointer_bucket = 51
group_size = 10
pointer_bucket = 41
group_size = 11
pointer_bucket = 30
group_size = 12
pointer_bucket = 18
group_size = 13
pointer_bucket = 5
group_size = 14
pointer_bucket = 91
group_size = 15
pointer_bucket = 76
group_size = 16
pointer_bucket = 60
group_size = 17
pointer_bucket = 43
group_size = 18
pointer_bucket = 25
group_size = 19
pointer_bucket = 6
group_size = 20
pointer_bucket = 86
group_size = 21
pointer_bucket = 65
group_size = 22
pointer_bucket = 43
group_size = 23
pointer_bucket = 20
group_size = 24
pointer_bucket = 96
group_size = 25
pointer_bucket = 71
group_size = 26
pointer_bucket = 45
group_size = 27
pointer_bucket = 18
group_size = 28
pointer_bucket = 90
group_size = 29
pointer_bucket = 61
group_size = 30
pointer_bucket = 31
group_size = 31
pointer_bucket = 0
group_size = 32
pointer_bucket = 68
group_size = 33
pointer_bucket = 35
group_size = 34
pointer_bucket = 1
group_size = 35
pointer_bucket = 66
group_size = 36
pointer_bucket = 30
group_size = 37
pointer_bucket = 93
group_size = 38
pointer_bucket = 55
group_size = 39
pointer_bucket = 16
group_size = 40
pointer_bucket = 76
group_size = 41
pointer_bucket = 35
group_size = 42
pointer_bucket = 93
group_size = 43
pointer_bucket = 50
group_size = 44
pointer_bucket = 6
group_size = 45
pointer_bucket = 61
group_size = 46
pointer_bucket = 15
group_size = 47
pointer_bucket = 68
group_size = 48
pointer_bucket = 20
group_size = 49
pointer_bucket = 71
group_size = 50
pointer_bucket = 21
group_size = 51
pointer_bucket = 70
group_size = 52
pointer_bucket = 18
group_size = 53
pointer_bucket = 65
group_size = 54
pointer_bucket = 11
group_size = 55
pointer_bucket = 56
group_size = 56
pointer_bucket = 0
group_size = 57
pointer_bucket = 43
group_size = 58
pointer_bucket = 85
group_size = 59
pointer_bucket = 26
group_size = 60
pointer_bucket = 66
group_size = 61
pointer_bucket = 5
group_size = 62
pointer_bucket = 43
group_size = 63
pointer_bucket = 80
group_size = 64
pointer_bucket = 16
group_size = 65
pointer_bucket = 51
group_size = 66
pointer_bucket = 85
group_size = 67
pointer_bucket = 18
group_size = 68
pointer_bucket = 50
group_size = 69
pointer_bucket = 81
group_size = 70
pointer_bucket = 11
group_size = 71
pointer_bucket = 40
group_size = 72
pointer_bucket = 68
group_size = 73
pointer_bucket = 95
group_size = 74
pointer_bucket = 21
group_size = 75
pointer_bucket = 46
group_size = 76
pointer_bucket = 70
group_size = 77
pointer_bucket = 93
group_size = 78
pointer_bucket = 15
group_size = 79
pointer_bucket = 36
group_size = 80
pointer_bucket = 56
group_size = 81
pointer_bucket = 75
group_size = 82
pointer_bucket = 93
group_size = 83
pointer_bucket = 10
group_size = 84
pointer_bucket = 26
group_size = 85
pointer_bucket = 41
group_size = 86
pointer_bucket = 55
group_size = 87
pointer_bucket = 68
group_size = 88
pointer_bucket = 80
group_size = 89
pointer_bucket = 91
group_size = 90
pointer_bucket = 1
group_size = 91
pointer_bucket = 10
group_size = 92
pointer_bucket = 18
group_size = 93
pointer_bucket = 25
group_size = 94
pointer_bucket = 31
group_size = 95
pointer_bucket = 36
group_size = 96
pointer_bucket = 40
group_size = 97
pointer_bucket = 43
group_size = 98
pointer_bucket = 45
group_size = 99
pointer_bucket = 46
group_size = 100
pointer_bucket = 46
group_size = 101
pointer_bucket = 45
group_size = 102
pointer_bucket = 43
self->wnd_buffer[i].size = 1
self->wnd_buffer[i].size = 2
self->count = 97
bucket_max = 2
last output (precise) = 97
last output (approximate) = 96
