gcc -O0 test.c -o test.o -lm
./test.o
**** TEST: Bit counting over a sliding window (approximate) *****
item = 1
count_tmp = 1
last output (precise) = 1
last output (approximate) = 1
item = 0
count_tmp = 1
last output (precise) = 1
last output (approximate) = 1
item = 1
count_tmp = 2
last output (precise) = 2
last output (approximate) = 2
item = 0
count_tmp = 2
last output (precise) = 2
last output (approximate) = 2
item = 1
count_tmp = 3
last output (precise) = 3
last output (approximate) = 3
item = 0
count_tmp = 3
last output (precise) = 3
last output (approximate) = 3
item = 1
count_tmp = 4
last output (precise) = 4
last output (approximate) = 4
item = 0
count_tmp = 4
last output (precise) = 4
last output (approximate) = 4
item = 1
count_tmp = 5
last output (precise) = 5
last output (approximate) = 5
item = 0
count_tmp = 5
last output (precise) = 5
last output (approximate) = 5
item = 1
count_tmp = 6
last output (precise) = 6
last output (approximate) = 6
item = 0
count_tmp = 6
last output (precise) = 6
last output (approximate) = 6
item = 1
count_tmp = 7
last output (precise) = 7
last output (approximate) = 7
item = 0
count_tmp = 7
last output (precise) = 7
last output (approximate) = 7
item = 1
count_tmp = 8
last output (precise) = 8
last output (approximate) = 8
item = 0
count_tmp = 8
last output (precise) = 8
last output (approximate) = 8
item = 1
count_tmp = 9
last output (precise) = 9
last output (approximate) = 9
item = 0
count_tmp = 9
last output (precise) = 9
last output (approximate) = 9
item = 1
count_tmp = 10
last output (precise) = 10
last output (approximate) = 10
item = 0
count_tmp = 10
last output (precise) = 10
last output (approximate) = 10
item = 1
count_tmp = 11
last output (precise) = 11
last output (approximate) = 11
item = 0
count_tmp = 11
last output (precise) = 11
last output (approximate) = 11
item = 1
count_tmp = 12
last output (precise) = 12
last output (approximate) = 12
item = 0
count_tmp = 12
last output (precise) = 12
last output (approximate) = 12
item = 1
count_tmp = 13
last output (precise) = 13
last output (approximate) = 13
item = 0
count_tmp = 13
last output (precise) = 13
last output (approximate) = 13
item = 1
count_tmp = 14
last output (precise) = 14
last output (approximate) = 14
item = 0
count_tmp = 14
last output (precise) = 14
last output (approximate) = 14
item = 1
count_tmp = 15
last output (precise) = 15
last output (approximate) = 15
item = 0
count_tmp = 15
last output (precise) = 15
last output (approximate) = 15
item = 1
count_tmp = 16
last output (precise) = 16
last output (approximate) = 16
item = 0
count_tmp = 16
last output (precise) = 16
last output (approximate) = 16
item = 1
count_tmp = 17
last output (precise) = 17
last output (approximate) = 17
item = 0
count_tmp = 17
last output (precise) = 17
last output (approximate) = 17
item = 1
count_tmp = 18
last output (precise) = 18
last output (approximate) = 18
item = 0
count_tmp = 18
last output (precise) = 18
last output (approximate) = 18
item = 1
count_tmp = 19
last output (precise) = 19
last output (approximate) = 19
item = 0
count_tmp = 19
last output (precise) = 19
last output (approximate) = 19
item = 1
count_tmp = 20
last output (precise) = 20
last output (approximate) = 20
item = 0
count_tmp = 20
last output (precise) = 20
last output (approximate) = 20
item = 1
count_tmp = 21
last output (precise) = 21
last output (approximate) = 21
item = 0
count_tmp = 21
last output (precise) = 21
last output (approximate) = 21
item = 1
count_tmp = 22
last output (precise) = 22
last output (approximate) = 22
item = 0
count_tmp = 22
last output (precise) = 22
last output (approximate) = 22
item = 1
count_tmp = 23
last output (precise) = 23
last output (approximate) = 23
item = 0
count_tmp = 23
last output (precise) = 23
last output (approximate) = 23
item = 1
count_tmp = 24
last output (precise) = 24
last output (approximate) = 24
item = 0
count_tmp = 24
last output (precise) = 24
last output (approximate) = 24
item = 1
count_tmp = 25
last output (precise) = 25
last output (approximate) = 25
item = 0
count_tmp = 25
last output (precise) = 25
last output (approximate) = 25
item = 1
count_tmp = 26
last output (precise) = 26
last output (approximate) = 26
item = 0
count_tmp = 26
last output (precise) = 26
last output (approximate) = 26
item = 1
count_tmp = 27
last output (precise) = 27
last output (approximate) = 27
item = 0
count_tmp = 27
last output (precise) = 27
last output (approximate) = 27
item = 1
count_tmp = 28
last output (precise) = 28
last output (approximate) = 28
item = 0
count_tmp = 28
last output (precise) = 28
last output (approximate) = 28
item = 1
count_tmp = 29
last output (precise) = 29
last output (approximate) = 29
item = 0
count_tmp = 29
last output (precise) = 29
last output (approximate) = 29
item = 1
count_tmp = 30
last output (precise) = 30
last output (approximate) = 30
item = 0
count_tmp = 30
last output (precise) = 30
last output (approximate) = 30
item = 1
count_tmp = 31
last output (precise) = 31
last output (approximate) = 31
item = 0
count_tmp = 31
last output (precise) = 31
last output (approximate) = 31
item = 1
count_tmp = 32
last output (precise) = 32
last output (approximate) = 32
item = 0
count_tmp = 32
last output (precise) = 32
last output (approximate) = 32
item = 1
count_tmp = 33
last output (precise) = 33
last output (approximate) = 33
item = 0
count_tmp = 33
last output (precise) = 33
last output (approximate) = 33
item = 1
count_tmp = 34
last output (precise) = 34
last output (approximate) = 34
item = 0
count_tmp = 34
last output (precise) = 34
last output (approximate) = 34
item = 1
count_tmp = 35
last output (precise) = 35
last output (approximate) = 35
item = 0
count_tmp = 35
last output (precise) = 35
last output (approximate) = 35
item = 1
count_tmp = 36
last output (precise) = 36
last output (approximate) = 36
item = 0
count_tmp = 36
last output (precise) = 36
last output (approximate) = 36
item = 1
count_tmp = 37
last output (precise) = 37
last output (approximate) = 37
item = 0
count_tmp = 37
last output (precise) = 37
last output (approximate) = 37
item = 1
count_tmp = 38
last output (precise) = 38
last output (approximate) = 38
item = 0
count_tmp = 38
last output (precise) = 38
last output (approximate) = 38
item = 1
count_tmp = 39
last output (precise) = 39
last output (approximate) = 39
item = 0
count_tmp = 39
last output (precise) = 39
last output (approximate) = 39
item = 1
count_tmp = 40
last output (precise) = 40
last output (approximate) = 40
item = 0
count_tmp = 40
last output (precise) = 40
last output (approximate) = 40
item = 1
count_tmp = 41
last output (precise) = 41
last output (approximate) = 41
item = 0
count_tmp = 41
last output (precise) = 41
last output (approximate) = 41
item = 1
count_tmp = 42
last output (precise) = 42
last output (approximate) = 42
item = 0
count_tmp = 42
last output (precise) = 42
last output (approximate) = 42
item = 1
count_tmp = 43
last output (precise) = 43
last output (approximate) = 43
item = 0
count_tmp = 43
last output (precise) = 43
last output (approximate) = 43
item = 1
count_tmp = 44
last output (precise) = 44
last output (approximate) = 44
item = 0
count_tmp = 44
last output (precise) = 44
last output (approximate) = 44
item = 1
count_tmp = 45
last output (precise) = 45
last output (approximate) = 45
item = 0
count_tmp = 45
last output (precise) = 45
last output (approximate) = 45
item = 1
count_tmp = 46
last output (precise) = 46
last output (approximate) = 46
item = 0
count_tmp = 46
last output (precise) = 46
last output (approximate) = 46
item = 1
count_tmp = 47
last output (precise) = 47
last output (approximate) = 47
item = 0
count_tmp = 47
last output (precise) = 47
last output (approximate) = 47
item = 1
count_tmp = 48
last output (precise) = 48
last output (approximate) = 48
item = 0
count_tmp = 48
last output (precise) = 48
last output (approximate) = 48
item = 1
count_tmp = 49
last output (precise) = 49
last output (approximate) = 49
item = 0
count_tmp = 49
last output (precise) = 49
last output (approximate) = 49
item = 1
count_tmp = 50
last output (precise) = 50
last output (approximate) = 50
item = 0
count_tmp = 50
last output (precise) = 50
last output (approximate) = 50
item = 1
count_tmp = 51
last output (precise) = 51
last output (approximate) = 51
item = 0
count_tmp = 51
last output (precise) = 51
last output (approximate) = 51
item = 1
count_tmp = 52
last output (precise) = 52
last output (approximate) = 52
item = 0
count_tmp = 52
last output (precise) = 52
last output (approximate) = 52
item = 1
count_tmp = 53
last output (precise) = 53
last output (approximate) = 53
item = 0
count_tmp = 53
last output (precise) = 53
last output (approximate) = 53
item = 1
count_tmp = 54
last output (precise) = 54
last output (approximate) = 54
item = 0
count_tmp = 54
last output (precise) = 54
last output (approximate) = 54
item = 1
count_tmp = 55
last output (precise) = 55
last output (approximate) = 55
item = 0
count_tmp = 55
last output (precise) = 55
last output (approximate) = 55
item = 1
count_tmp = 56
last output (precise) = 56
last output (approximate) = 56
item = 0
count_tmp = 56
last output (precise) = 56
last output (approximate) = 56
item = 1
count_tmp = 57
last output (precise) = 57
last output (approximate) = 57
item = 0
count_tmp = 57
last output (precise) = 57
last output (approximate) = 57
item = 1
count_tmp = 58
last output (precise) = 58
last output (approximate) = 58
item = 0
count_tmp = 58
last output (precise) = 58
last output (approximate) = 58
item = 1
count_tmp = 59
last output (precise) = 59
last output (approximate) = 59
item = 0
count_tmp = 59
last output (precise) = 59
last output (approximate) = 59
item = 1
count_tmp = 60
last output (precise) = 60
last output (approximate) = 60
item = 0
count_tmp = 60
last output (precise) = 60
last output (approximate) = 60
item = 1
count_tmp = 61
last output (precise) = 61
last output (approximate) = 61
item = 0
count_tmp = 61
last output (precise) = 61
last output (approximate) = 61
item = 1
count_tmp = 62
last output (precise) = 62
last output (approximate) = 62
item = 0
count_tmp = 62
last output (precise) = 62
last output (approximate) = 62
item = 1
count_tmp = 63
last output (precise) = 63
last output (approximate) = 63
item = 0
count_tmp = 63
last output (precise) = 63
last output (approximate) = 63
item = 1
count_tmp = 64
last output (precise) = 64
last output (approximate) = 64
item = 0
count_tmp = 64
last output (precise) = 64
last output (approximate) = 64
item = 1
count_tmp = 65
last output (precise) = 65
last output (approximate) = 65
item = 0
count_tmp = 65
last output (precise) = 65
last output (approximate) = 65
item = 1
count_tmp = 66
last output (precise) = 66
last output (approximate) = 66
item = 0
count_tmp = 66
last output (precise) = 66
last output (approximate) = 66
item = 1
count_tmp = 67
last output (precise) = 67
last output (approximate) = 67
item = 0
count_tmp = 67
last output (precise) = 67
last output (approximate) = 67
item = 1
count_tmp = 68
last output (precise) = 68
last output (approximate) = 68
item = 0
count_tmp = 68
last output (precise) = 68
last output (approximate) = 68
item = 1
count_tmp = 69
last output (precise) = 69
last output (approximate) = 69
item = 0
count_tmp = 69
last output (precise) = 69
last output (approximate) = 69
item = 1
count_tmp = 70
last output (precise) = 70
last output (approximate) = 70
item = 0
count_tmp = 70
last output (precise) = 70
last output (approximate) = 70
item = 1
count_tmp = 71
last output (precise) = 71
last output (approximate) = 71
item = 0
count_tmp = 71
last output (precise) = 71
last output (approximate) = 71
item = 1
count_tmp = 72
last output (precise) = 72
last output (approximate) = 72
item = 0
count_tmp = 72
last output (precise) = 72
last output (approximate) = 72
item = 1
count_tmp = 73
last output (precise) = 73
last output (approximate) = 73
item = 0
count_tmp = 73
last output (precise) = 73
last output (approximate) = 73
item = 1
count_tmp = 74
last output (precise) = 74
last output (approximate) = 74
item = 0
count_tmp = 74
last output (precise) = 74
last output (approximate) = 74
item = 1
count_tmp = 75
last output (precise) = 75
last output (approximate) = 75
item = 0
count_tmp = 75
last output (precise) = 75
last output (approximate) = 75
item = 1
count_tmp = 76
last output (precise) = 76
last output (approximate) = 76
item = 0
count_tmp = 76
last output (precise) = 76
last output (approximate) = 76
item = 1
count_tmp = 77
last output (precise) = 77
last output (approximate) = 77
item = 0
count_tmp = 77
last output (precise) = 77
last output (approximate) = 77
item = 1
count_tmp = 78
last output (precise) = 78
last output (approximate) = 78
item = 0
count_tmp = 78
last output (precise) = 78
last output (approximate) = 78
item = 1
count_tmp = 79
last output (precise) = 79
last output (approximate) = 79
item = 0
count_tmp = 79
last output (precise) = 79
last output (approximate) = 79
item = 1
count_tmp = 80
last output (precise) = 80
last output (approximate) = 80
item = 0
count_tmp = 80
last output (precise) = 80
last output (approximate) = 80
item = 1
count_tmp = 81
last output (precise) = 81
last output (approximate) = 81
item = 0
count_tmp = 81
last output (precise) = 81
last output (approximate) = 81
item = 1
count_tmp = 82
last output (precise) = 82
last output (approximate) = 82
item = 0
count_tmp = 82
last output (precise) = 82
last output (approximate) = 82
item = 1
count_tmp = 83
last output (precise) = 83
last output (approximate) = 83
item = 0
count_tmp = 83
last output (precise) = 83
last output (approximate) = 83
item = 1
count_tmp = 84
last output (precise) = 84
last output (approximate) = 84
item = 0
count_tmp = 84
last output (precise) = 84
last output (approximate) = 84
item = 1
count_tmp = 85
last output (precise) = 85
last output (approximate) = 85
item = 0
count_tmp = 85
last output (precise) = 85
last output (approximate) = 85
item = 1
count_tmp = 86
last output (precise) = 86
last output (approximate) = 86
item = 0
count_tmp = 86
last output (precise) = 86
last output (approximate) = 86
item = 1
count_tmp = 87
last output (precise) = 87
last output (approximate) = 87
item = 0
count_tmp = 87
last output (precise) = 87
last output (approximate) = 87
item = 1
count_tmp = 88
last output (precise) = 88
last output (approximate) = 88
item = 0
count_tmp = 88
last output (precise) = 88
last output (approximate) = 88
item = 1
count_tmp = 89
last output (precise) = 89
last output (approximate) = 89
item = 0
count_tmp = 89
last output (precise) = 89
last output (approximate) = 89
item = 1
count_tmp = 90
last output (precise) = 90
last output (approximate) = 90
item = 0
count_tmp = 90
last output (precise) = 90
last output (approximate) = 90
item = 1
count_tmp = 91
last output (precise) = 91
last output (approximate) = 91
item = 0
count_tmp = 91
last output (precise) = 91
last output (approximate) = 91
item = 1
count_tmp = 92
last output (precise) = 92
last output (approximate) = 92
item = 0
count_tmp = 92
last output (precise) = 92
last output (approximate) = 92
item = 1
count_tmp = 93
last output (precise) = 93
last output (approximate) = 93
item = 0
count_tmp = 93
last output (precise) = 93
last output (approximate) = 93
item = 1
count_tmp = 94
last output (precise) = 94
last output (approximate) = 94
item = 0
count_tmp = 94
last output (precise) = 94
last output (approximate) = 94
item = 1
count_tmp = 95
last output (precise) = 95
last output (approximate) = 95
item = 0
count_tmp = 95
last output (precise) = 95
last output (approximate) = 95
item = 1
count_tmp = 96
last output (precise) = 96
last output (approximate) = 96
item = 0
count_tmp = 96
last output (precise) = 96
last output (approximate) = 96
item = 1
count_tmp = 97
last output (precise) = 97
last output (approximate) = 97
item = 0
count_tmp = 97
last output (precise) = 97
last output (approximate) = 97
item = 1
count_tmp = 98
last output (precise) = 98
last output (approximate) = 98
item = 0
count_tmp = 98
last output (precise) = 98
last output (approximate) = 98
item = 1
count_tmp = 99
last output (precise) = 99
last output (approximate) = 99
item = 0
count_tmp = 99
last output (precise) = 99
last output (approximate) = 99
item = 1
count_tmp = 100
last output (precise) = 100
last output (approximate) = 100
item = 0
count_tmp = 100
last output (precise) = 100
last output (approximate) = 100
item = 1
self->now - self->wnd_buffer[0].timestamp = 198
self->count = 99
self->wnd_buffer[0].size = 1
count_tmp = 100
last output (precise) = 100
last output (approximate) = 100
item = 0
count_tmp = 100
last output (precise) = 100
last output (approximate) = 100
item = 1
self->now - self->wnd_buffer[0].timestamp = 198
self->count = 99
self->wnd_buffer[0].size = 1
count_tmp = 100
last output (precise) = 100
last output (approximate) = 100
item = 0
count_tmp = 100
last output (precise) = 100
last output (approximate) = 100
item = 1
self->now - self->wnd_buffer[0].timestamp = 198
self->count = 99
self->wnd_buffer[0].size = 1
count_tmp = 100
last output (precise) = 100
last output (approximate) = 100
item = 0
count_tmp = 100
last output (precise) = 100
last output (approximate) = 100
item = 1
self->now - self->wnd_buffer[0].timestamp = 198
self->count = 99
self->wnd_buffer[0].size = 1
count_tmp = 100
last output (precise) = 100
last output (approximate) = 100
item = 0
count_tmp = 100
last output (precise) = 100
last output (approximate) = 100
item = 1
self->now - self->wnd_buffer[0].timestamp = 198
self->count = 99
self->wnd_buffer[0].size = 1
count_tmp = 100
last output (precise) = 100
last output (approximate) = 100
item = 0
count_tmp = 100
last output (precise) = 100
last output (approximate) = 100
item = 1
self->now - self->wnd_buffer[0].timestamp = 198
self->count = 99
self->wnd_buffer[0].size = 1
count_tmp = 100
last output (precise) = 100
last output (approximate) = 100
item = 0
count_tmp = 100
last output (precise) = 100
last output (approximate) = 100
item = 1
self->now - self->wnd_buffer[0].timestamp = 198
self->count = 99
self->wnd_buffer[0].size = 1
count_tmp = 100
last output (precise) = 100
last output (approximate) = 100
item = 0
count_tmp = 100
last output (precise) = 100
last output (approximate) = 100
item = 1
self->now - self->wnd_buffer[0].timestamp = 198
self->count = 99
self->wnd_buffer[0].size = 1
count_tmp = 100
last output (precise) = 100
last output (approximate) = 100
item = 0
count_tmp = 100
last output (precise) = 100
last output (approximate) = 100
item = 1
self->now - self->wnd_buffer[0].timestamp = 198
self->count = 99
self->wnd_buffer[0].size = 1
count_tmp = 100
last output (precise) = 100
last output (approximate) = 100
item = 0
count_tmp = 100
last output (precise) = 100
last output (approximate) = 100
item = 1
self->now - self->wnd_buffer[0].timestamp = 198
self->count = 99
self->wnd_buffer[0].size = 1
count_tmp = 100
last output (precise) = 100
last output (approximate) = 100
item = 0
count_tmp = 100
last output (precise) = 100
last output (approximate) = 100
item = 1
self->now - self->wnd_buffer[0].timestamp = 198
self->count = 99
self->wnd_buffer[0].size = 1
count_tmp = 100
last output (precise) = 100
last output (approximate) = 100
item = 0
count_tmp = 100
last output (precise) = 100
last output (approximate) = 100
item = 1
self->now - self->wnd_buffer[0].timestamp = 198
self->count = 99
self->wnd_buffer[0].size = 1
count_tmp = 100
last output (precise) = 100
last output (approximate) = 100
item = 0
count_tmp = 100
last output (precise) = 100
last output (approximate) = 100
item = 1
self->now - self->wnd_buffer[0].timestamp = 198
self->count = 99
self->wnd_buffer[0].size = 1
count_tmp = 100
last output (precise) = 100
last output (approximate) = 100
item = 0
count_tmp = 100
last output (precise) = 100
last output (approximate) = 100
item = 1
self->now - self->wnd_buffer[0].timestamp = 198
self->count = 99
self->wnd_buffer[0].size = 1
count_tmp = 100
last output (precise) = 100
last output (approximate) = 100
item = 0
count_tmp = 100
last output (precise) = 100
last output (approximate) = 100
item = 1
self->now - self->wnd_buffer[0].timestamp = 198
self->count = 99
self->wnd_buffer[0].size = 1
count_tmp = 100
last output (precise) = 100
last output (approximate) = 100
item = 0
count_tmp = 100
last output (precise) = 100
last output (approximate) = 100
item = 1
self->now - self->wnd_buffer[0].timestamp = 198
self->count = 99
self->wnd_buffer[0].size = 1
count_tmp = 100
last output (precise) = 100
last output (approximate) = 100
item = 0
count_tmp = 100
last output (precise) = 100
last output (approximate) = 100
item = 1
self->now - self->wnd_buffer[0].timestamp = 198
self->count = 99
self->wnd_buffer[0].size = 1
count_tmp = 100
last output (precise) = 100
last output (approximate) = 100
item = 0
count_tmp = 100
last output (precise) = 100
last output (approximate) = 100
item = 1
self->now - self->wnd_buffer[0].timestamp = 198
self->count = 99
self->wnd_buffer[0].size = 1
count_tmp = 100
last output (precise) = 100
last output (approximate) = 100
item = 0
count_tmp = 100
last output (precise) = 100
last output (approximate) = 100
item = 1
self->now - self->wnd_buffer[0].timestamp = 198
self->count = 99
self->wnd_buffer[0].size = 1
count_tmp = 100
last output (precise) = 100
last output (approximate) = 100
item = 0
count_tmp = 100
last output (precise) = 100
last output (approximate) = 100
item = 1
self->now - self->wnd_buffer[0].timestamp = 198
self->count = 99
self->wnd_buffer[0].size = 1
count_tmp = 100
last output (precise) = 100
last output (approximate) = 100
item = 0
count_tmp = 100
last output (precise) = 100
last output (approximate) = 100
item = 1
self->now - self->wnd_buffer[0].timestamp = 198
self->count = 99
self->wnd_buffer[0].size = 1
count_tmp = 100
last output (precise) = 100
last output (approximate) = 100
item = 0
count_tmp = 100
last output (precise) = 100
last output (approximate) = 100
item = 1
self->now - self->wnd_buffer[0].timestamp = 198
self->count = 99
self->wnd_buffer[0].size = 1
count_tmp = 100
last output (precise) = 100
last output (approximate) = 100
item = 0
count_tmp = 100
last output (precise) = 100
last output (approximate) = 100
item = 1
self->now - self->wnd_buffer[0].timestamp = 198
self->count = 99
self->wnd_buffer[0].size = 1
count_tmp = 100
last output (precise) = 100
last output (approximate) = 100
item = 0
count_tmp = 100
last output (precise) = 100
last output (approximate) = 100
item = 1
self->now - self->wnd_buffer[0].timestamp = 198
self->count = 99
self->wnd_buffer[0].size = 1
count_tmp = 100
last output (precise) = 100
last output (approximate) = 100
item = 0
count_tmp = 100
last output (precise) = 100
last output (approximate) = 100
item = 1
self->now - self->wnd_buffer[0].timestamp = 198
self->count = 99
self->wnd_buffer[0].size = 1
count_tmp = 100
last output (precise) = 100
last output (approximate) = 100
item = 0
count_tmp = 100
last output (precise) = 100
last output (approximate) = 100
item = 1
self->now - self->wnd_buffer[0].timestamp = 198
self->count = 99
self->wnd_buffer[0].size = 1
count_tmp = 100
last output (precise) = 100
last output (approximate) = 100
item = 0
count_tmp = 100
last output (precise) = 100
last output (approximate) = 100
item = 1
self->now - self->wnd_buffer[0].timestamp = 198
self->count = 99
self->wnd_buffer[0].size = 1
count_tmp = 100
last output (precise) = 100
last output (approximate) = 100
item = 0
count_tmp = 100
last output (precise) = 100
last output (approximate) = 100
item = 1
self->now - self->wnd_buffer[0].timestamp = 198
self->count = 99
self->wnd_buffer[0].size = 1
count_tmp = 100
last output (precise) = 100
last output (approximate) = 100
item = 0
count_tmp = 100
last output (precise) = 100
last output (approximate) = 100
item = 1
self->now - self->wnd_buffer[0].timestamp = 198
self->count = 99
self->wnd_buffer[0].size = 1
count_tmp = 100
last output (precise) = 100
last output (approximate) = 100
item = 0
count_tmp = 100
last output (precise) = 100
last output (approximate) = 100
item = 1
self->now - self->wnd_buffer[0].timestamp = 198
self->count = 99
self->wnd_buffer[0].size = 1
count_tmp = 100
last output (precise) = 100
last output (approximate) = 100
item = 0
count_tmp = 100
last output (precise) = 100
last output (approximate) = 100
item = 1
self->now - self->wnd_buffer[0].timestamp = 198
self->count = 99
self->wnd_buffer[0].size = 1
count_tmp = 100
last output (precise) = 100
last output (approximate) = 100
item = 0
count_tmp = 100
last output (precise) = 100
last output (approximate) = 100
item = 1
self->now - self->wnd_buffer[0].timestamp = 198
self->count = 99
self->wnd_buffer[0].size = 1
count_tmp = 100
last output (precise) = 100
last output (approximate) = 100
item = 0
count_tmp = 100
last output (precise) = 100
last output (approximate) = 100
item = 1
self->now - self->wnd_buffer[0].timestamp = 198
self->count = 99
self->wnd_buffer[0].size = 1
count_tmp = 100
last output (precise) = 100
last output (approximate) = 100
item = 0
count_tmp = 100
last output (precise) = 100
last output (approximate) = 100
item = 1
self->now - self->wnd_buffer[0].timestamp = 198
self->count = 99
self->wnd_buffer[0].size = 1
count_tmp = 100
last output (precise) = 100
last output (approximate) = 100
item = 0
count_tmp = 100
last output (precise) = 100
last output (approximate) = 100
item = 1
self->now - self->wnd_buffer[0].timestamp = 198
self->count = 99
self->wnd_buffer[0].size = 1
count_tmp = 100
last output (precise) = 100
last output (approximate) = 100
item = 0
count_tmp = 100
last output (precise) = 100
last output (approximate) = 100
item = 1
self->now - self->wnd_buffer[0].timestamp = 198
self->count = 99
self->wnd_buffer[0].size = 1
count_tmp = 100
last output (precise) = 100
last output (approximate) = 100
item = 0
count_tmp = 100
last output (precise) = 100
last output (approximate) = 100
item = 1
self->now - self->wnd_buffer[0].timestamp = 198
self->count = 99
self->wnd_buffer[0].size = 1
count_tmp = 100
last output (precise) = 100
last output (approximate) = 100
item = 0
count_tmp = 100
last output (precise) = 100
last output (approximate) = 100
item = 1
self->now - self->wnd_buffer[0].timestamp = 198
self->count = 99
self->wnd_buffer[0].size = 1
count_tmp = 100
last output (precise) = 100
last output (approximate) = 100
item = 0
count_tmp = 100
last output (precise) = 100
last output (approximate) = 100
item = 1
self->now - self->wnd_buffer[0].timestamp = 198
self->count = 99
self->wnd_buffer[0].size = 1
count_tmp = 100
last output (precise) = 100
last output (approximate) = 100
item = 0
count_tmp = 100
last output (precise) = 100
last output (approximate) = 100
item = 1
self->now - self->wnd_buffer[0].timestamp = 198
self->count = 99
self->wnd_buffer[0].size = 1
count_tmp = 100
last output (precise) = 100
last output (approximate) = 100
item = 0
count_tmp = 100
last output (precise) = 100
last output (approximate) = 100
item = 1
self->now - self->wnd_buffer[0].timestamp = 198
self->count = 99
self->wnd_buffer[0].size = 1
count_tmp = 100
last output (precise) = 100
last output (approximate) = 100
item = 0
count_tmp = 100
last output (precise) = 100
last output (approximate) = 100
item = 1
self->now - self->wnd_buffer[0].timestamp = 198
self->count = 99
self->wnd_buffer[0].size = 1
count_tmp = 100
last output (precise) = 100
last output (approximate) = 100
item = 0
count_tmp = 100
last output (precise) = 100
last output (approximate) = 100
item = 1
self->now - self->wnd_buffer[0].timestamp = 198
self->count = 99
self->wnd_buffer[0].size = 1
count_tmp = 100
last output (precise) = 100
last output (approximate) = 100
item = 0
count_tmp = 100
last output (precise) = 100
last output (approximate) = 100
item = 1
self->now - self->wnd_buffer[0].timestamp = 198
self->count = 99
self->wnd_buffer[0].size = 1
count_tmp = 100
last output (precise) = 100
last output (approximate) = 100
item = 0
count_tmp = 100
last output (precise) = 100
last output (approximate) = 100
item = 1
self->now - self->wnd_buffer[0].timestamp = 198
self->count = 99
self->wnd_buffer[0].size = 1
count_tmp = 100
last output (precise) = 100
last output (approximate) = 100
item = 0
count_tmp = 100
last output (precise) = 100
last output (approximate) = 100
item = 1
self->now - self->wnd_buffer[0].timestamp = 198
self->count = 99
self->wnd_buffer[0].size = 1
count_tmp = 100
last output (precise) = 100
last output (approximate) = 100
item = 0
count_tmp = 100
last output (precise) = 100
last output (approximate) = 100
item = 1
self->now - self->wnd_buffer[0].timestamp = 198
self->count = 99
self->wnd_buffer[0].size = 1
count_tmp = 100
last output (precise) = 100
last output (approximate) = 100
item = 0
count_tmp = 100
last output (precise) = 100
last output (approximate) = 100
item = 1
self->now - self->wnd_buffer[0].timestamp = 198
self->count = 99
self->wnd_buffer[0].size = 1
count_tmp = 100
last output (precise) = 100
last output (approximate) = 100
item = 0
count_tmp = 100
last output (precise) = 100
last output (approximate) = 100
item = 1
self->now - self->wnd_buffer[0].timestamp = 198
self->count = 99
self->wnd_buffer[0].size = 1
count_tmp = 100
last output (precise) = 100
last output (approximate) = 100
item = 0
count_tmp = 100
last output (precise) = 100
last output (approximate) = 100
item = 1
self->now - self->wnd_buffer[0].timestamp = 198
self->count = 99
self->wnd_buffer[0].size = 1
count_tmp = 100
last output (precise) = 100
last output (approximate) = 100
item = 0
count_tmp = 100
last output (precise) = 100
last output (approximate) = 100
item = 1
self->now - self->wnd_buffer[0].timestamp = 198
self->count = 99
self->wnd_buffer[0].size = 1
count_tmp = 100
last output (precise) = 100
last output (approximate) = 100
item = 0
count_tmp = 100
last output (precise) = 100
last output (approximate) = 100
item = 1
self->now - self->wnd_buffer[0].timestamp = 198
self->count = 99
self->wnd_buffer[0].size = 1
count_tmp = 100
last output (precise) = 100
last output (approximate) = 100
item = 0
count_tmp = 100
last output (precise) = 100
last output (approximate) = 100
item = 1
self->now - self->wnd_buffer[0].timestamp = 198
self->count = 99
self->wnd_buffer[0].size = 1
count_tmp = 100
last output (precise) = 100
last output (approximate) = 100
item = 0
count_tmp = 100
last output (precise) = 100
last output (approximate) = 100
item = 1
self->now - self->wnd_buffer[0].timestamp = 198
self->count = 99
self->wnd_buffer[0].size = 1
count_tmp = 100
last output (precise) = 100
last output (approximate) = 100
item = 0
count_tmp = 100
last output (precise) = 100
last output (approximate) = 100
item = 1
self->now - self->wnd_buffer[0].timestamp = 198
self->count = 99
self->wnd_buffer[0].size = 1
count_tmp = 100
last output (precise) = 100
last output (approximate) = 100
item = 0
count_tmp = 100
last output (precise) = 100
last output (approximate) = 100
item = 1
self->now - self->wnd_buffer[0].timestamp = 198
self->count = 99
self->wnd_buffer[0].size = 1
count_tmp = 100
last output (precise) = 100
last output (approximate) = 100
item = 0
count_tmp = 100
last output (precise) = 100
last output (approximate) = 100
item = 1
self->now - self->wnd_buffer[0].timestamp = 198
self->count = 99
self->wnd_buffer[0].size = 1
count_tmp = 100
last output (precise) = 100
last output (approximate) = 100
item = 0
count_tmp = 100
last output (precise) = 100
last output (approximate) = 100
item = 1
self->now - self->wnd_buffer[0].timestamp = 198
self->count = 99
self->wnd_buffer[0].size = 1
count_tmp = 100
last output (precise) = 100
last output (approximate) = 100
item = 0
count_tmp = 100
last output (precise) = 100
last output (approximate) = 100
item = 1
self->now - self->wnd_buffer[0].timestamp = 198
self->count = 99
self->wnd_buffer[0].size = 1
count_tmp = 100
last output (precise) = 100
last output (approximate) = 100
item = 0
count_tmp = 100
last output (precise) = 100
last output (approximate) = 100
item = 1
self->now - self->wnd_buffer[0].timestamp = 198
self->count = 99
self->wnd_buffer[0].size = 1
count_tmp = 100
last output (precise) = 100
last output (approximate) = 100
item = 0
count_tmp = 100
last output (precise) = 100
last output (approximate) = 100
item = 1
self->now - self->wnd_buffer[0].timestamp = 198
self->count = 99
self->wnd_buffer[0].size = 1
count_tmp = 100
last output (precise) = 100
last output (approximate) = 100
item = 0
count_tmp = 100
last output (precise) = 100
last output (approximate) = 100
item = 1
self->now - self->wnd_buffer[0].timestamp = 198
self->count = 99
self->wnd_buffer[0].size = 1
count_tmp = 100
last output (precise) = 100
last output (approximate) = 100
item = 0
count_tmp = 100
last output (precise) = 100
last output (approximate) = 100
item = 1
self->now - self->wnd_buffer[0].timestamp = 198
self->count = 99
self->wnd_buffer[0].size = 1
count_tmp = 100
last output (precise) = 100
last output (approximate) = 100
item = 0
count_tmp = 100
last output (precise) = 100
last output (approximate) = 100
item = 1
self->now - self->wnd_buffer[0].timestamp = 198
self->count = 99
self->wnd_buffer[0].size = 1
count_tmp = 100
last output (precise) = 100
last output (approximate) = 100
item = 0
count_tmp = 100
last output (precise) = 100
last output (approximate) = 100
item = 1
self->now - self->wnd_buffer[0].timestamp = 198
self->count = 99
self->wnd_buffer[0].size = 1
count_tmp = 100
last output (precise) = 100
last output (approximate) = 100
item = 0
count_tmp = 100
last output (precise) = 100
last output (approximate) = 100
item = 1
self->now - self->wnd_buffer[0].timestamp = 198
self->count = 99
self->wnd_buffer[0].size = 1
count_tmp = 100
last output (precise) = 100
last output (approximate) = 100
item = 0
count_tmp = 100
last output (precise) = 100
last output (approximate) = 100
item = 1
self->now - self->wnd_buffer[0].timestamp = 198
self->count = 99
self->wnd_buffer[0].size = 1
count_tmp = 100
last output (precise) = 100
last output (approximate) = 100
item = 0
count_tmp = 100
last output (precise) = 100
last output (approximate) = 100
item = 1
self->now - self->wnd_buffer[0].timestamp = 198
self->count = 99
self->wnd_buffer[0].size = 1
count_tmp = 100
last output (precise) = 100
last output (approximate) = 100
item = 0
count_tmp = 100
last output (precise) = 100
last output (approximate) = 100
item = 1
self->now - self->wnd_buffer[0].timestamp = 198
self->count = 99
self->wnd_buffer[0].size = 1
count_tmp = 100
last output (precise) = 100
last output (approximate) = 100
item = 0
count_tmp = 100
last output (precise) = 100
last output (approximate) = 100
item = 1
self->now - self->wnd_buffer[0].timestamp = 198
self->count = 99
self->wnd_buffer[0].size = 1
count_tmp = 100
last output (precise) = 100
last output (approximate) = 100
item = 0
count_tmp = 100
last output (precise) = 100
last output (approximate) = 100
item = 1
self->now - self->wnd_buffer[0].timestamp = 198
self->count = 99
self->wnd_buffer[0].size = 1
count_tmp = 100
last output (precise) = 100
last output (approximate) = 100
item = 0
count_tmp = 100
last output (precise) = 100
last output (approximate) = 100
item = 1
self->now - self->wnd_buffer[0].timestamp = 198
self->count = 99
self->wnd_buffer[0].size = 1
count_tmp = 100
last output (precise) = 100
last output (approximate) = 100
item = 0
count_tmp = 100
last output (precise) = 100
last output (approximate) = 100
item = 1
self->now - self->wnd_buffer[0].timestamp = 198
self->count = 99
self->wnd_buffer[0].size = 1
count_tmp = 100
last output (precise) = 100
last output (approximate) = 100
item = 0
count_tmp = 100
last output (precise) = 100
last output (approximate) = 100
item = 1
self->now - self->wnd_buffer[0].timestamp = 198
self->count = 99
self->wnd_buffer[0].size = 1
count_tmp = 100
last output (precise) = 100
last output (approximate) = 100
item = 0
count_tmp = 100
last output (precise) = 100
last output (approximate) = 100
item = 1
self->now - self->wnd_buffer[0].timestamp = 198
self->count = 99
self->wnd_buffer[0].size = 1
count_tmp = 100
last output (precise) = 100
last output (approximate) = 100
item = 0
count_tmp = 100
last output (precise) = 100
last output (approximate) = 100
item = 1
self->now - self->wnd_buffer[0].timestamp = 198
self->count = 99
self->wnd_buffer[0].size = 1
count_tmp = 100
last output (precise) = 100
last output (approximate) = 100
item = 0
count_tmp = 100
last output (precise) = 100
last output (approximate) = 100
item = 1
self->now - self->wnd_buffer[0].timestamp = 198
self->count = 99
self->wnd_buffer[0].size = 1
count_tmp = 100
last output (precise) = 100
last output (approximate) = 100
item = 0
count_tmp = 100
last output (precise) = 100
last output (approximate) = 100
item = 1
self->now - self->wnd_buffer[0].timestamp = 198
self->count = 99
self->wnd_buffer[0].size = 1
count_tmp = 100
last output (precise) = 100
last output (approximate) = 100
item = 0
count_tmp = 100
last output (precise) = 100
last output (approximate) = 100
item = 1
self->now - self->wnd_buffer[0].timestamp = 198
self->count = 99
self->wnd_buffer[0].size = 1
count_tmp = 100
last output (precise) = 100
last output (approximate) = 100
item = 0
count_tmp = 100
last output (precise) = 100
last output (approximate) = 100
item = 1
self->now - self->wnd_buffer[0].timestamp = 198
self->count = 99
self->wnd_buffer[0].size = 1
count_tmp = 100
last output (precise) = 100
last output (approximate) = 100
item = 0
count_tmp = 100
last output (precise) = 100
last output (approximate) = 100
item = 1
self->now - self->wnd_buffer[0].timestamp = 198
self->count = 99
self->wnd_buffer[0].size = 1
count_tmp = 100
last output (precise) = 100
last output (approximate) = 100
item = 0
count_tmp = 100
last output (precise) = 100
last output (approximate) = 100
item = 1
self->now - self->wnd_buffer[0].timestamp = 198
self->count = 99
self->wnd_buffer[0].size = 1
count_tmp = 100
last output (precise) = 100
last output (approximate) = 100
item = 0
count_tmp = 100
last output (precise) = 100
last output (approximate) = 100
item = 1
self->now - self->wnd_buffer[0].timestamp = 198
self->count = 99
self->wnd_buffer[0].size = 1
count_tmp = 100
last output (precise) = 100
last output (approximate) = 100
item = 0
count_tmp = 100
last output (precise) = 100
last output (approximate) = 100
item = 1
self->now - self->wnd_buffer[0].timestamp = 198
self->count = 99
self->wnd_buffer[0].size = 1
count_tmp = 100
last output (precise) = 100
last output (approximate) = 100
item = 0
count_tmp = 100
last output (precise) = 100
last output (approximate) = 100
item = 1
self->now - self->wnd_buffer[0].timestamp = 198
self->count = 99
self->wnd_buffer[0].size = 1
count_tmp = 100
last output (precise) = 100
last output (approximate) = 100
item = 0
count_tmp = 100
last output (precise) = 100
last output (approximate) = 100
item = 1
self->now - self->wnd_buffer[0].timestamp = 198
self->count = 99
self->wnd_buffer[0].size = 1
count_tmp = 100
last output (precise) = 100
last output (approximate) = 100
item = 0
count_tmp = 100
last output (precise) = 100
last output (approximate) = 100
item = 1
self->now - self->wnd_buffer[0].timestamp = 198
self->count = 99
self->wnd_buffer[0].size = 1
count_tmp = 100
last output (precise) = 100
last output (approximate) = 100
item = 0
count_tmp = 100
last output (precise) = 100
last output (approximate) = 100
item = 1
self->now - self->wnd_buffer[0].timestamp = 198
self->count = 99
self->wnd_buffer[0].size = 1
count_tmp = 100
last output (precise) = 100
last output (approximate) = 100
item = 0
count_tmp = 100
last output (precise) = 100
last output (approximate) = 100
item = 1
self->now - self->wnd_buffer[0].timestamp = 198
self->count = 99
self->wnd_buffer[0].size = 1
count_tmp = 100
last output (precise) = 100
last output (approximate) = 100
item = 0
count_tmp = 100
last output (precise) = 100
last output (approximate) = 100
item = 1
self->now - self->wnd_buffer[0].timestamp = 198
self->count = 99
self->wnd_buffer[0].size = 1
count_tmp = 100
last output (precise) = 100
last output (approximate) = 100
item = 0
count_tmp = 100
last output (precise) = 100
last output (approximate) = 100
item = 1
self->now - self->wnd_buffer[0].timestamp = 198
self->count = 99
self->wnd_buffer[0].size = 1
count_tmp = 100
last output (precise) = 100
last output (approximate) = 100
item = 0
count_tmp = 100
last output (precise) = 100
last output (approximate) = 100
item = 1
self->now - self->wnd_buffer[0].timestamp = 198
self->count = 99
self->wnd_buffer[0].size = 1
count_tmp = 100
last output (precise) = 100
last output (approximate) = 100
item = 0
count_tmp = 100
last output (precise) = 100
last output (approximate) = 100
item = 1
self->now - self->wnd_buffer[0].timestamp = 198
self->count = 99
self->wnd_buffer[0].size = 1
count_tmp = 100
last output (precise) = 100
last output (approximate) = 100
item = 0
count_tmp = 100
last output (precise) = 100
last output (approximate) = 100
item = 1
self->now - self->wnd_buffer[0].timestamp = 198
self->count = 99
self->wnd_buffer[0].size = 1
count_tmp = 100
last output (precise) = 100
last output (approximate) = 100
item = 0
count_tmp = 100
last output (precise) = 100
last output (approximate) = 100
item = 1
self->now - self->wnd_buffer[0].timestamp = 198
self->count = 99
self->wnd_buffer[0].size = 1
count_tmp = 100
last output (precise) = 100
last output (approximate) = 100
item = 0
count_tmp = 100
last output (precise) = 100
last output (approximate) = 100
item = 1
self->now - self->wnd_buffer[0].timestamp = 198
self->count = 99
self->wnd_buffer[0].size = 1
count_tmp = 100
last output (precise) = 100
last output (approximate) = 100
item = 0
count_tmp = 100
last output (precise) = 100
last output (approximate) = 100
item = 1
self->now - self->wnd_buffer[0].timestamp = 198
self->count = 99
self->wnd_buffer[0].size = 1
count_tmp = 100
last output (precise) = 100
last output (approximate) = 100
item = 0
count_tmp = 100
last output (precise) = 100
last output (approximate) = 100
item = 1
self->now - self->wnd_buffer[0].timestamp = 198
self->count = 99
self->wnd_buffer[0].size = 1
count_tmp = 100
last output (precise) = 100
last output (approximate) = 100
item = 0
count_tmp = 100
last output (precise) = 100
last output (approximate) = 100
item = 1
self->now - self->wnd_buffer[0].timestamp = 200
self->count = 99
self->wnd_buffer[0].size = 1
count_tmp = 100
last output (precise) = 100
last output (approximate) = 100
item = 0
self->now - self->wnd_buffer[0].timestamp = 201
self->count = 99
self->wnd_buffer[0].size = 1
count_tmp = 99
last output (precise) = 100
last output (approximate) = 99
item = 1
self->now - self->wnd_buffer[0].timestamp = 202
self->count = 98
self->wnd_buffer[0].size = 1
count_tmp = 99
last output (precise) = 100
last output (approximate) = 99
item = 0
self->now - self->wnd_buffer[0].timestamp = 203
self->count = 98
self->wnd_buffer[0].size = 1
count_tmp = 98
last output (precise) = 100
last output (approximate) = 98
